CThostFtdcTraderApi::ReqQryInstrument
OnRtnInstrumentStatus ExchangeID=CZCE InstrumentID=MA
OnRtnInstrumentStatus ExchangeID=CZCE InstrumentID=TA
OnRtnInstrumentStatus ExchangeID=CZCE InstrumentID=ZC
OnRtnInstrumentStatus ExchangeID=CZCE InstrumentID=CF
OnRtnInstrumentStatus ExchangeID=CZCE InstrumentID=CY
OnRtnInstrumentStatus ExchangeID=CZCE InstrumentID=FG
OnRtnInstrumentStatus ExchangeID=CZCE InstrumentID=OI
OnRtnInstrumentStatus ExchangeID=CZCE InstrumentID=RM
OnRtnInstrumentStatus ExchangeID=CZCE InstrumentID=SR
OnRtnInstrumentStatus ExchangeID=CZCE InstrumentID=AP
OnRtnInstrumentStatus ExchangeID=DCE InstrumentID=i
OnRtnInstrumentStatus ExchangeID=DCE InstrumentID=j
OnRtnInstrumentStatus ExchangeID=DCE InstrumentID=jm
OnRtnInstrumentStatus ExchangeID=DCE InstrumentID=m
OnRtnInstrumentStatus ExchangeID=DCE InstrumentID=p
OnRtnInstrumentStatus ExchangeID=DCE InstrumentID=y
OnRtnInstrumentStatus ExchangeID=DCE InstrumentID=a
OnRtnInstrumentStatus ExchangeID=DCE InstrumentID=b
OnRtnInstrumentStatus ExchangeID=SHFE InstrumentID=ag
OnRtnInstrumentStatus ExchangeID=SHFE InstrumentID=al
OnRtnInstrumentStatus ExchangeID=SHFE InstrumentID=au
OnRtnInstrumentStatus ExchangeID=SHFE InstrumentID=bu
OnRtnInstrumentStatus ExchangeID=SHFE InstrumentID=cu
OnRtnInstrumentStatus ExchangeID=SHFE InstrumentID=hc
OnRtnInstrumentStatus ExchangeID=SHFE InstrumentID=ni
OnRtnInstrumentStatus ExchangeID=SHFE InstrumentID=pb
OnRtnInstrumentStatus ExchangeID=SHFE InstrumentID=rb
OnRtnInstrumentStatus ExchangeID=SHFE InstrumentID=sn
OnRtnInstrumentStatus ExchangeID=SHFE InstrumentID=zn
OnRtnInstrumentStatus ExchangeID=SHFE InstrumentID=ru
OnRtnInstrumentStatus ExchangeID=INE InstrumentID=sc
OnRtnInstrumentStatus ExchangeID=INE InstrumentID=scefp
OnRtnInstrumentStatus ExchangeID=INE InstrumentID=scefp
OnRtnInstrumentStatus ExchangeID=INE InstrumentID=scefp
OnRtnInstrumentStatus ExchangeID=INE InstrumentID=scefp
OnRtnInstrumentStatus ExchangeID=INE InstrumentID=sc
OnRtnInstrumentStatus ExchangeID=CZCE InstrumentID=MA
OnRtnInstrumentStatus ExchangeID=CZCE InstrumentID=AP
OnRtnInstrumentStatus ExchangeID=CZCE InstrumentID=CF
OnRtnInstrumentStatus ExchangeID=CZCE InstrumentID=CY
OnRtnInstrumentStatus ExchangeID=CZCE InstrumentID=FG
OnRtnInstrumentStatus ExchangeID=CZCE InstrumentID=ZC
OnRtnInstrumentStatus ExchangeID=SHFE InstrumentID=ag
OnRtnInstrumentStatus ExchangeID=SHFE InstrumentID=al
OnRtnInstrumentStatus ExchangeID=SHFE InstrumentID=au
OnRtnInstrumentStatus ExchangeID=SHFE InstrumentID=bu
OnRtnInstrumentStatus ExchangeID=SHFE InstrumentID=cu
OnRtnInstrumentStatus ExchangeID=DCE InstrumentID=a
OnRtnInstrumentStatus ExchangeID=DCE InstrumentID=b
OnRtnInstrumentStatus ExchangeID=DCE InstrumentID=jm
OnRtnInstrumentStatus ExchangeID=DCE InstrumentID=i
OnRtnInstrumentStatus ExchangeID=DCE InstrumentID=j
OnRtnInstrumentStatus ExchangeID=CZCE InstrumentID=OI
OnRtnInstrumentStatus ExchangeID=CZCE InstrumentID=RM
OnRtnInstrumentStatus ExchangeID=CZCE InstrumentID=SR
OnRtnInstrumentStatus ExchangeID=CZCE InstrumentID=TA
OnRtnInstrumentStatus ExchangeID=SHFE InstrumentID=hc
OnRtnInstrumentStatus ExchangeID=SHFE InstrumentID=ni
OnRtnInstrumentStatus ExchangeID=SHFE InstrumentID=pb
OnRtnInstrumentStatus ExchangeID=SHFE InstrumentID=rb
OnRtnInstrumentStatus ExchangeID=SHFE InstrumentID=ru
OnRtnInstrumentStatus ExchangeID=SHFE InstrumentID=sn
OnRtnInstrumentStatus ExchangeID=SHFE InstrumentID=zn
OnRtnInstrumentStatus ExchangeID=DCE InstrumentID=m
OnRtnInstrumentStatus ExchangeID=DCE InstrumentID=p
OnRtnInstrumentStatus ExchangeID=DCE InstrumentID=y
OnRtnInstrumentStatus ExchangeID=INE InstrumentID=sc
OnRtnInstrumentStatus ExchangeID=CZCE InstrumentID=MA
OnRtnInstrumentStatus ExchangeID=CZCE InstrumentID=AP
OnRtnInstrumentStatus ExchangeID=CZCE InstrumentID=CF
OnRtnInstrumentStatus ExchangeID=CZCE InstrumentID=CY
OnRtnInstrumentStatus ExchangeID=CZCE InstrumentID=FG
OnRtnInstrumentStatus ExchangeID=SHFE InstrumentID=ag
OnRtnInstrumentStatus ExchangeID=DCE InstrumentID=a
OnRtnInstrumentStatus ExchangeID=SHFE InstrumentID=al
OnRtnInstrumentStatus ExchangeID=SHFE InstrumentID=au
OnRtnInstrumentStatus ExchangeID=DCE InstrumentID=b
OnRtnInstrumentStatus ExchangeID=CZCE InstrumentID=ZC
OnRtnInstrumentStatus ExchangeID=SHFE InstrumentID=bu
OnRtnInstrumentStatus ExchangeID=DCE InstrumentID=jm
OnRtnInstrumentStatus ExchangeID=DCE InstrumentID=i
OnRtnInstrumentStatus ExchangeID=SHFE InstrumentID=cu
OnRtnInstrumentStatus ExchangeID=SHFE InstrumentID=hc
OnRtnInstrumentStatus ExchangeID=DCE InstrumentID=j
OnRtnInstrumentStatus ExchangeID=DCE InstrumentID=m
OnRtnInstrumentStatus ExchangeID=DCE InstrumentID=p
OnRtnInstrumentStatus ExchangeID=CZCE InstrumentID=OI
OnRtnInstrumentStatus ExchangeID=CZCE InstrumentID=RM
OnRtnInstrumentStatus ExchangeID=CZCE InstrumentID=SR
OnRtnInstrumentStatus ExchangeID=CZCE InstrumentID=TA
OnRtnInstrumentStatus ExchangeID=SHFE InstrumentID=ni
OnRtnInstrumentStatus ExchangeID=SHFE InstrumentID=pb
OnRtnInstrumentStatus ExchangeID=SHFE InstrumentID=rb
OnRtnInstrumentStatus ExchangeID=SHFE InstrumentID=ru
OnRtnInstrumentStatus ExchangeID=SHFE InstrumentID=sn
OnRtnInstrumentStatus ExchangeID=SHFE InstrumentID=zn
OnRtnInstrumentStatus ExchangeID=DCE InstrumentID=y
OnRtnInstrumentStatus ExchangeID=INE InstrumentID=sc
OnRtnInstrumentStatus ExchangeID=CZCE InstrumentID=MA
OnRtnInstrumentStatus ExchangeID=CZCE InstrumentID=AP
OnRtnInstrumentStatus ExchangeID=CZCE InstrumentID=CF
OnRtnInstrumentStatus ExchangeID=CZCE InstrumentID=CY
OnRtnInstrumentStatus ExchangeID=SHFE InstrumentID=ag
OnRtnInstrumentStatus ExchangeID=SHFE InstrumentID=al
OnRtnInstrumentStatus ExchangeID=SHFE InstrumentID=au
OnRtnInstrumentStatus ExchangeID=CZCE InstrumentID=FG
OnRtnInstrumentStatus ExchangeID=CZCE InstrumentID=ZC
OnRtnInstrumentStatus ExchangeID=CZCE InstrumentID=OI
OnRtnInstrumentStatus ExchangeID=SHFE InstrumentID=bu
OnRtnInstrumentStatus ExchangeID=DCE InstrumentID=a
OnRtnInstrumentStatus ExchangeID=DCE InstrumentID=b
OnRtnInstrumentStatus ExchangeID=DCE InstrumentID=jm
OnRtnInstrumentStatus ExchangeID=CZCE InstrumentID=RM
OnRtnInstrumentStatus ExchangeID=CZCE InstrumentID=SR
OnRtnInstrumentStatus ExchangeID=CZCE InstrumentID=TA
OnRtnInstrumentStatus ExchangeID=SHFE InstrumentID=cu
OnRtnInstrumentStatus ExchangeID=SHFE InstrumentID=hc
OnRtnInstrumentStatus ExchangeID=SHFE InstrumentID=ni
OnRtnInstrumentStatus ExchangeID=SHFE InstrumentID=pb
OnRtnInstrumentStatus ExchangeID=SHFE InstrumentID=rb
OnRtnInstrumentStatus ExchangeID=SHFE InstrumentID=ru
OnRtnInstrumentStatus ExchangeID=DCE InstrumentID=i
OnRtnInstrumentStatus ExchangeID=DCE InstrumentID=j
OnRtnInstrumentStatus ExchangeID=DCE InstrumentID=m
OnRtnInstrumentStatus ExchangeID=DCE InstrumentID=p
OnRtnInstrumentStatus ExchangeID=DCE InstrumentID=y
OnRtnInstrumentStatus ExchangeID=SHFE InstrumentID=sn
OnRtnInstrumentStatus ExchangeID=SHFE InstrumentID=zn
OnRtnInstrumentStatus ExchangeID=SHFE InstrumentID=bu
OnRtnInstrumentStatus ExchangeID=SHFE InstrumentID=hc
OnRtnInstrumentStatus ExchangeID=SHFE InstrumentID=rb
OnRtnInstrumentStatus ExchangeID=SHFE InstrumentID=ru
OnRtnInstrumentStatus ExchangeID=CZCE InstrumentID=MA
OnRtnInstrumentStatus ExchangeID=CZCE InstrumentID=AP
OnRtnInstrumentStatus ExchangeID=CZCE InstrumentID=CF
OnRtnInstrumentStatus ExchangeID=CZCE InstrumentID=CY
OnRtnInstrumentStatus ExchangeID=CZCE InstrumentID=FG
OnRtnInstrumentStatus ExchangeID=CZCE InstrumentID=ZC
OnRtnInstrumentStatus ExchangeID=DCE InstrumentID=a
OnRtnInstrumentStatus ExchangeID=DCE InstrumentID=b
OnRtnInstrumentStatus ExchangeID=DCE InstrumentID=jm
OnRtnInstrumentStatus ExchangeID=DCE InstrumentID=i
OnRtnInstrumentStatus ExchangeID=CZCE InstrumentID=OI
OnRtnInstrumentStatus ExchangeID=CZCE InstrumentID=RM
OnRtnInstrumentStatus ExchangeID=CZCE InstrumentID=SR
OnRtnInstrumentStatus ExchangeID=CZCE InstrumentID=TA
OnRtnInstrumentStatus ExchangeID=DCE InstrumentID=j
OnRtnInstrumentStatus ExchangeID=DCE InstrumentID=m
OnRtnInstrumentStatus ExchangeID=DCE InstrumentID=p
OnRtnInstrumentStatus ExchangeID=DCE InstrumentID=y
OnRtnInstrumentStatus ExchangeID=SHFE InstrumentID=al
OnRtnInstrumentStatus ExchangeID=SHFE InstrumentID=cu
OnRtnInstrumentStatus ExchangeID=SHFE InstrumentID=ni
OnRtnInstrumentStatus ExchangeID=SHFE InstrumentID=pb
OnRtnInstrumentStatus ExchangeID=SHFE InstrumentID=sn
OnRtnInstrumentStatus ExchangeID=SHFE InstrumentID=zn
OnRtnInstrumentStatus ExchangeID=INE InstrumentID=sc
OnRtnInstrumentStatus ExchangeID=SHFE InstrumentID=ag
OnRtnInstrumentStatus ExchangeID=SHFE InstrumentID=au
OnRtnInstrumentStatus ExchangeID=INE InstrumentID=scefp
OnRtnInstrumentStatus ExchangeID=CFFEX InstrumentID=IC
OnRtnInstrumentStatus ExchangeID=CFFEX InstrumentID=IF
OnRtnInstrumentStatus ExchangeID=CFFEX InstrumentID=IH
OnRtnInstrumentStatus ExchangeID=CFFEX InstrumentID=T
OnRtnInstrumentStatus ExchangeID=CFFEX InstrumentID=TF
OnRtnInstrumentStatus ExchangeID=SHFE InstrumentID=fu
OnRtnInstrumentStatus ExchangeID=SHFE InstrumentID=wr
OnRtnInstrumentStatus ExchangeID=DCE InstrumentID=bb
OnRtnInstrumentStatus ExchangeID=DCE InstrumentID=c
OnRtnInstrumentStatus ExchangeID=DCE InstrumentID=jd
OnRtnInstrumentStatus ExchangeID=DCE InstrumentID=cs
OnRtnInstrumentStatus ExchangeID=DCE InstrumentID=fb
OnRtnInstrumentStatus ExchangeID=DCE InstrumentID=l
OnRtnInstrumentStatus ExchangeID=DCE InstrumentID=pp
OnRtnInstrumentStatus ExchangeID=DCE InstrumentID=v
OnRtnInstrumentStatus ExchangeID=CZCE InstrumentID=JR
OnRtnInstrumentStatus ExchangeID=CZCE InstrumentID=LR
OnRtnInstrumentStatus ExchangeID=CZCE InstrumentID=WH
OnRtnInstrumentStatus ExchangeID=CZCE InstrumentID=PM
OnRtnInstrumentStatus ExchangeID=CZCE InstrumentID=RI
OnRtnInstrumentStatus ExchangeID=CZCE InstrumentID=RS
OnRtnInstrumentStatus ExchangeID=CZCE InstrumentID=SF
OnRtnInstrumentStatus ExchangeID=CZCE InstrumentID=SM
OnRtnInstrumentStatus ExchangeID=CZCE InstrumentID=JR
OnRtnInstrumentStatus ExchangeID=CZCE InstrumentID=LR
OnRtnInstrumentStatus ExchangeID=CZCE InstrumentID=WH
OnRtnInstrumentStatus ExchangeID=CZCE InstrumentID=PM
OnRtnInstrumentStatus ExchangeID=CZCE InstrumentID=RI
OnRtnInstrumentStatus ExchangeID=CZCE InstrumentID=RS
OnRtnInstrumentStatus ExchangeID=CZCE InstrumentID=SF
OnRtnInstrumentStatus ExchangeID=DCE InstrumentID=bb
OnRtnInstrumentStatus ExchangeID=DCE InstrumentID=c
OnRtnInstrumentStatus ExchangeID=DCE InstrumentID=jd
OnRtnInstrumentStatus ExchangeID=DCE InstrumentID=cs
OnRtnInstrumentStatus ExchangeID=DCE InstrumentID=fb
OnRtnInstrumentStatus ExchangeID=CZCE InstrumentID=SM
OnRtnInstrumentStatus ExchangeID=DCE InstrumentID=l
OnRtnInstrumentStatus ExchangeID=DCE InstrumentID=pp
OnRtnInstrumentStatus ExchangeID=DCE InstrumentID=v
OnRtnInstrumentStatus ExchangeID=SHFE InstrumentID=fu
OnRtnInstrumentStatus ExchangeID=SHFE InstrumentID=wr
OnRtnInstrumentStatus ExchangeID=CZCE InstrumentID=JR
OnRtnInstrumentStatus ExchangeID=CZCE InstrumentID=LR
OnRtnInstrumentStatus ExchangeID=CZCE InstrumentID=WH
OnRtnInstrumentStatus ExchangeID=CZCE InstrumentID=PM
OnRtnInstrumentStatus ExchangeID=CZCE InstrumentID=RI
OnRtnInstrumentStatus ExchangeID=CZCE InstrumentID=RS
OnRtnInstrumentStatus ExchangeID=CZCE InstrumentID=SF
OnRtnInstrumentStatus ExchangeID=DCE InstrumentID=bb
OnRtnInstrumentStatus ExchangeID=CZCE InstrumentID=SM
OnRtnInstrumentStatus ExchangeID=DCE InstrumentID=c
OnRtnInstrumentStatus ExchangeID=DCE InstrumentID=jd
OnRtnInstrumentStatus ExchangeID=DCE InstrumentID=cs
OnRtnInstrumentStatus ExchangeID=SHFE InstrumentID=fu
OnRtnInstrumentStatus ExchangeID=DCE InstrumentID=fb
OnRtnInstrumentStatus ExchangeID=SHFE InstrumentID=wr
OnRtnInstrumentStatus ExchangeID=DCE InstrumentID=l
OnRtnInstrumentStatus ExchangeID=DCE InstrumentID=pp
OnRtnInstrumentStatus ExchangeID=DCE InstrumentID=v
OnRtnInstrumentStatus ExchangeID=CZCE InstrumentID=JR
OnRtnInstrumentStatus ExchangeID=CZCE InstrumentID=LR
OnRtnInstrumentStatus ExchangeID=CZCE InstrumentID=WH
OnRtnInstrumentStatus ExchangeID=CZCE InstrumentID=PM
OnRtnInstrumentStatus ExchangeID=CZCE InstrumentID=RI
OnRtnInstrumentStatus ExchangeID=CZCE InstrumentID=RS
OnRtnInstrumentStatus ExchangeID=CZCE InstrumentID=SF
OnRtnInstrumentStatus ExchangeID=DCE InstrumentID=bb
OnRtnInstrumentStatus ExchangeID=CZCE InstrumentID=SM
OnRtnInstrumentStatus ExchangeID=SHFE InstrumentID=fu
OnRtnInstrumentStatus ExchangeID=DCE InstrumentID=c
OnRtnInstrumentStatus ExchangeID=DCE InstrumentID=jd
OnRtnInstrumentStatus ExchangeID=DCE InstrumentID=cs
OnRtnInstrumentStatus ExchangeID=DCE InstrumentID=fb
OnRtnInstrumentStatus ExchangeID=DCE InstrumentID=l
OnRtnInstrumentStatus ExchangeID=CZCE InstrumentID=MA
OnRtnInstrumentStatus ExchangeID=DCE InstrumentID=pp
OnRtnInstrumentStatus ExchangeID=CZCE InstrumentID=AP
OnRtnInstrumentStatus ExchangeID=CZCE InstrumentID=CF
OnRtnInstrumentStatus ExchangeID=DCE InstrumentID=v
OnRtnInstrumentStatus ExchangeID=SHFE InstrumentID=wr
OnRtnInstrumentStatus ExchangeID=SHFE InstrumentID=ag
OnRtnInstrumentStatus ExchangeID=SHFE InstrumentID=al
OnRtnInstrumentStatus ExchangeID=SHFE InstrumentID=au
OnRtnInstrumentStatus ExchangeID=DCE InstrumentID=a
OnRtnInstrumentStatus ExchangeID=SHFE InstrumentID=bu
OnRtnInstrumentStatus ExchangeID=SHFE InstrumentID=cu
OnRtnInstrumentStatus ExchangeID=SHFE InstrumentID=hc
OnRtnInstrumentStatus ExchangeID=SHFE InstrumentID=ni
OnRtnInstrumentStatus ExchangeID=DCE InstrumentID=b
OnRtnInstrumentStatus ExchangeID=DCE InstrumentID=jm
OnRtnInstrumentStatus ExchangeID=CZCE InstrumentID=CY
OnRtnInstrumentStatus ExchangeID=CZCE InstrumentID=FG
OnRtnInstrumentStatus ExchangeID=CZCE InstrumentID=ZC
OnRtnInstrumentStatus ExchangeID=CZCE InstrumentID=OI
OnRtnInstrumentStatus ExchangeID=CZCE InstrumentID=RM
OnRtnInstrumentStatus ExchangeID=CZCE InstrumentID=SR
OnRtnInstrumentStatus ExchangeID=CZCE InstrumentID=TA
OnRtnInstrumentStatus ExchangeID=DCE InstrumentID=i
OnRtnInstrumentStatus ExchangeID=DCE InstrumentID=j
OnRtnInstrumentStatus ExchangeID=DCE InstrumentID=m
OnRtnInstrumentStatus ExchangeID=DCE InstrumentID=p
OnRtnInstrumentStatus ExchangeID=SHFE InstrumentID=pb
OnRtnInstrumentStatus ExchangeID=SHFE InstrumentID=rb
OnRtnInstrumentStatus ExchangeID=SHFE InstrumentID=ru
OnRtnInstrumentStatus ExchangeID=SHFE InstrumentID=sn
OnRtnInstrumentStatus ExchangeID=SHFE InstrumentID=zn
OnRtnInstrumentStatus ExchangeID=DCE InstrumentID=y
OnRtnInstrumentStatus ExchangeID=INE InstrumentID=scefp
OnRtnInstrumentStatus ExchangeID=INE InstrumentID=sc
OnRtnInstrumentStatus ExchangeID=CFFEX InstrumentID=TF
OnRtnInstrumentStatus ExchangeID=CFFEX InstrumentID=T
OnRtnInstrumentStatus ExchangeID=CFFEX InstrumentID=TF
OnRtnInstrumentStatus ExchangeID=CFFEX InstrumentID=T
OnRtnInstrumentStatus ExchangeID=CFFEX InstrumentID=TF
OnRtnInstrumentStatus ExchangeID=CFFEX InstrumentID=T
OnRtnInstrumentStatus ExchangeID=CFFEX InstrumentID=IC
OnRtnInstrumentStatus ExchangeID=CFFEX InstrumentID=IF
OnRtnInstrumentStatus ExchangeID=CFFEX InstrumentID=IH
OnRtnInstrumentStatus ExchangeID=CFFEX InstrumentID=IC
OnRtnInstrumentStatus ExchangeID=CFFEX InstrumentID=IF
OnRtnInstrumentStatus ExchangeID=CFFEX InstrumentID=IH
OnRtnInstrumentStatus ExchangeID=CFFEX InstrumentID=IC
OnRtnInstrumentStatus ExchangeID=CFFEX InstrumentID=IF
OnRtnInstrumentStatus ExchangeID=CFFEX InstrumentID=IH
OnRtnInstrumentStatus ExchangeID=INE InstrumentID=scefp
OnRtnInstrumentStatus ExchangeID=INE InstrumentID=sc
OnRtnInstrumentStatus ExchangeID=CZCE InstrumentID=JR
OnRtnInstrumentStatus ExchangeID=CZCE InstrumentID=LR
OnRtnInstrumentStatus ExchangeID=CZCE InstrumentID=WH
OnRtnInstrumentStatus ExchangeID=SHFE InstrumentID=fu
OnRtnInstrumentStatus ExchangeID=SHFE InstrumentID=wr
OnRtnInstrumentStatus ExchangeID=CZCE InstrumentID=PM
OnRtnInstrumentStatus ExchangeID=CZCE InstrumentID=RI
OnRtnInstrumentStatus ExchangeID=CZCE InstrumentID=RS
OnRtnInstrumentStatus ExchangeID=CZCE InstrumentID=SF
OnRtnInstrumentStatus ExchangeID=CZCE InstrumentID=SM
OnRtnInstrumentStatus ExchangeID=DCE InstrumentID=bb
OnRtnInstrumentStatus ExchangeID=DCE InstrumentID=c
OnRtnInstrumentStatus ExchangeID=DCE InstrumentID=jd
OnRtnInstrumentStatus ExchangeID=DCE InstrumentID=cs
OnRtnInstrumentStatus ExchangeID=DCE InstrumentID=fb
OnRtnInstrumentStatus ExchangeID=DCE InstrumentID=l
OnRtnInstrumentStatus ExchangeID=DCE InstrumentID=pp
OnRtnInstrumentStatus ExchangeID=CZCE InstrumentID=MA
OnRtnInstrumentStatus ExchangeID=CZCE InstrumentID=AP
OnRtnInstrumentStatus ExchangeID=CZCE InstrumentID=CF
OnRtnInstrumentStatus ExchangeID=CZCE InstrumentID=CY
OnRtnInstrumentStatus ExchangeID=CZCE InstrumentID=FG
OnRtnInstrumentStatus ExchangeID=CZCE InstrumentID=ZC
OnRtnInstrumentStatus ExchangeID=CZCE InstrumentID=OI
OnRtnInstrumentStatus ExchangeID=CZCE InstrumentID=RM
OnRtnInstrumentStatus ExchangeID=CZCE InstrumentID=SR
OnRtnInstrumentStatus ExchangeID=CZCE InstrumentID=TA
OnRtnInstrumentStatus ExchangeID=SHFE InstrumentID=ag
OnRtnInstrumentStatus ExchangeID=SHFE InstrumentID=al
OnRtnInstrumentStatus ExchangeID=DCE InstrumentID=v
OnRtnInstrumentStatus ExchangeID=DCE InstrumentID=a
OnRtnInstrumentStatus ExchangeID=DCE InstrumentID=b
OnRtnInstrumentStatus ExchangeID=SHFE InstrumentID=au
OnRtnInstrumentStatus ExchangeID=SHFE InstrumentID=bu
OnRtnInstrumentStatus ExchangeID=SHFE InstrumentID=cu
OnRtnInstrumentStatus ExchangeID=SHFE InstrumentID=hc
OnRtnInstrumentStatus ExchangeID=DCE InstrumentID=jm
OnRtnInstrumentStatus ExchangeID=DCE InstrumentID=i
OnRtnInstrumentStatus ExchangeID=DCE InstrumentID=j
OnRtnInstrumentStatus ExchangeID=DCE InstrumentID=m
OnRtnInstrumentStatus ExchangeID=DCE InstrumentID=p
OnRtnInstrumentStatus ExchangeID=SHFE InstrumentID=ni
OnRtnInstrumentStatus ExchangeID=SHFE InstrumentID=pb
OnRtnInstrumentStatus ExchangeID=SHFE InstrumentID=rb
OnRtnInstrumentStatus ExchangeID=SHFE InstrumentID=ru
OnRtnInstrumentStatus ExchangeID=SHFE InstrumentID=sn
OnRtnInstrumentStatus ExchangeID=SHFE InstrumentID=zn
OnRtnInstrumentStatus ExchangeID=DCE InstrumentID=y
OnRtnInstrumentStatus ExchangeID=INE InstrumentID=scefp
OnRtnInstrumentStatus ExchangeID=INE InstrumentID=sc
OnRtnInstrumentStatus ExchangeID=CZCE InstrumentID=JR
OnRtnInstrumentStatus ExchangeID=CZCE InstrumentID=LR
OnRtnInstrumentStatus ExchangeID=CZCE InstrumentID=WH
OnRtnInstrumentStatus ExchangeID=CZCE InstrumentID=PM
OnRspQryInstrument InstrumentID=SR811 ExchangeID=CZCE InstrumentName=白砂糖811, IsLast=0
OnRspQryInstrument InstrumentID=CF805 ExchangeID=CZCE InstrumentName=棉花805, IsLast=0
OnRspQryInstrument InstrumentID=SR807 ExchangeID=CZCE InstrumentName=白砂糖807, IsLast=0
OnRspQryInstrument InstrumentID=SR805 ExchangeID=CZCE InstrumentName=白砂糖805, IsLast=0
OnRspQryInstrument InstrumentID=TA805 ExchangeID=CZCE InstrumentName=化纤805, IsLast=0
OnRspQryInstrument InstrumentID=TA804 ExchangeID=CZCE InstrumentName=化纤804, IsLast=0
OnRspQryInstrument InstrumentID=SR803 ExchangeID=CZCE InstrumentName=白砂糖803, IsLast=0
OnRspQryInstrument InstrumentID=jd1804 ExchangeID=DCE InstrumentName=鲜鸡蛋1804, IsLast=0
OnRspQryInstrument InstrumentID=fu1807 ExchangeID=SHFE InstrumentName=燃料油1807, IsLast=0
OnRspQryInstrument InstrumentID=sc1807 ExchangeID=INE InstrumentName=原油1807, IsLast=0
OnRspQryInstrument InstrumentID=ag1802 ExchangeID=SHFE InstrumentName=白银1802, IsLast=0
OnRspQryInstrument InstrumentID=al1802 ExchangeID=SHFE InstrumentName=铝1802, IsLast=0
OnRspQryInstrument InstrumentID=cu1802 ExchangeID=SHFE InstrumentName=铜1802, IsLast=0
OnRspQryInstrument InstrumentID=hc1802 ExchangeID=SHFE InstrumentName=热轧板1802, IsLast=0
OnRspQryInstrument InstrumentID=ni1802 ExchangeID=SHFE InstrumentName=镍1802, IsLast=0
OnRspQryInstrument InstrumentID=pb1802 ExchangeID=SHFE InstrumentName=铅1802, IsLast=0
OnRspQryInstrument InstrumentID=rb1802 ExchangeID=SHFE InstrumentName=螺纹钢1802, IsLast=0
OnRspQryInstrument InstrumentID=sn1802 ExchangeID=SHFE InstrumentName=锡1802, IsLast=0
OnRspQryInstrument InstrumentID=wr1802 ExchangeID=SHFE InstrumentName=线材1802, IsLast=0
OnRspQryInstrument InstrumentID=zn1802 ExchangeID=SHFE InstrumentName=锌1802, IsLast=0
OnRspQryInstrument InstrumentID=fu1806 ExchangeID=SHFE InstrumentName=燃料油1806, IsLast=0
OnRspQryInstrument InstrumentID=ZC810 ExchangeID=CZCE InstrumentName=动力煤ZC810, IsLast=0
OnRspQryInstrument InstrumentID=jd1811 ExchangeID=DCE InstrumentName=鲜鸡蛋1811, IsLast=0
OnRspQryInstrument InstrumentID=ag1809 ExchangeID=SHFE InstrumentName=白银1809, IsLast=0
OnRspQryInstrument InstrumentID=al1809 ExchangeID=SHFE InstrumentName=铝1809, IsLast=0
OnRspQryInstrument InstrumentID=au1810 ExchangeID=SHFE InstrumentName=黄金1810, IsLast=0
OnRspQryInstrument InstrumentID=bu1909 ExchangeID=SHFE InstrumentName=沥青1909, IsLast=0
OnRspQryInstrument InstrumentID=cu1809 ExchangeID=SHFE InstrumentName=铜1809, IsLast=0
OnRtnInstrumentStatus ExchangeID=CZCE InstrumentID=RI
OnRtnInstrumentStatus ExchangeID=DCE InstrumentID=bb
OnRtnInstrumentStatus ExchangeID=CZCE InstrumentID=RS
OnRtnInstrumentStatus ExchangeID=CZCE InstrumentID=SF
OnRtnInstrumentStatus ExchangeID=DCE InstrumentID=c
OnRtnInstrumentStatus ExchangeID=DCE InstrumentID=jd
OnRtnInstrumentStatus ExchangeID=DCE InstrumentID=cs
OnRtnInstrumentStatus ExchangeID=DCE InstrumentID=fb
OnRtnInstrumentStatus ExchangeID=CZCE InstrumentID=SM
OnRtnInstrumentStatus ExchangeID=DCE InstrumentID=l
OnRspQryInstrument InstrumentID=hc1809 ExchangeID=SHFE InstrumentName=热轧板1809, IsLast=0
OnRspQryInstrument InstrumentID=ni1809 ExchangeID=SHFE InstrumentName=镍1809, IsLast=0
OnRspQryInstrument InstrumentID=pb1809 ExchangeID=SHFE InstrumentName=铅1809, IsLast=0
OnRspQryInstrument InstrumentID=rb1809 ExchangeID=SHFE InstrumentName=螺纹钢1809, IsLast=0
OnRspQryInstrument InstrumentID=ru1809 ExchangeID=SHFE InstrumentName=天然橡胶1809, IsLast=0
OnRspQryInstrument InstrumentID=bu1803 ExchangeID=SHFE InstrumentName=沥青1803, IsLast=0
OnRspQryInstrument InstrumentID=p1811 ExchangeID=DCE InstrumentName=棕榈油1811, IsLast=0
OnRspQryInstrument InstrumentID=pp1811 ExchangeID=DCE InstrumentName=聚丙烯1811, IsLast=0
OnRspQryInstrument InstrumentID=v1811 ExchangeID=DCE InstrumentName=聚氯乙烯1811, IsLast=0
OnRspQryInstrument InstrumentID=y1811 ExchangeID=DCE InstrumentName=豆油1811, IsLast=0
OnRspQryInstrument InstrumentID=CY811 ExchangeID=CZCE InstrumentName=棉纱811, IsLast=0
OnRspQryInstrument InstrumentID=FG811 ExchangeID=CZCE InstrumentName=玻璃811, IsLast=0
OnRspQryInstrument InstrumentID=JR811 ExchangeID=CZCE InstrumentName=粳稻811, IsLast=0
OnRspQryInstrument InstrumentID=au1802 ExchangeID=SHFE InstrumentName=黄金1802, IsLast=0
OnRspQryInstrument InstrumentID=bu1812 ExchangeID=SHFE InstrumentName=沥青1812, IsLast=0
OnRspQryInstrument InstrumentID=LR811 ExchangeID=CZCE InstrumentName=晚籼稻811, IsLast=0
OnRspQryInstrument InstrumentID=MA811 ExchangeID=CZCE InstrumentName=甲醇MA811, IsLast=0
OnRspQryInstrument InstrumentID=OI811 ExchangeID=CZCE InstrumentName=菜籽油811, IsLast=0
OnRspQryInstrument InstrumentID=PM811 ExchangeID=CZCE InstrumentName=普通小麦811, IsLast=0
OnRspQryInstrument InstrumentID=RI811 ExchangeID=CZCE InstrumentName=早籼稻811, IsLast=0
OnRspQryInstrument InstrumentID=RM811 ExchangeID=CZCE InstrumentName=菜籽粕811, IsLast=0
OnRspQryInstrument InstrumentID=RS811 ExchangeID=CZCE InstrumentName=油菜籽811, IsLast=0
OnRspQryInstrument InstrumentID=SF811 ExchangeID=CZCE InstrumentName=硅铁811, IsLast=0
OnRspQryInstrument InstrumentID=SM811 ExchangeID=CZCE InstrumentName=锰硅811, IsLast=0
OnRspQryInstrument InstrumentID=WH811 ExchangeID=CZCE InstrumentName=强筋麦811, IsLast=0
OnRspQryInstrument InstrumentID=a1905 ExchangeID=DCE InstrumentName=黄大豆1号1905, IsLast=0
OnRspQryInstrument InstrumentID=b1811 ExchangeID=DCE InstrumentName=黄大豆2号1811, IsLast=0
OnRspQryInstrument InstrumentID=bb1811 ExchangeID=DCE InstrumentName=胶合板1811, IsLast=0
OnRspQryInstrument InstrumentID=TA810 ExchangeID=CZCE InstrumentName=化纤810, IsLast=0
OnRspQryInstrument InstrumentID=CY810 ExchangeID=CZCE InstrumentName=棉纱810, IsLast=0
OnRspQryInstrument InstrumentID=FG810 ExchangeID=CZCE InstrumentName=玻璃810, IsLast=0
OnRspQryInstrument InstrumentID=MA810 ExchangeID=CZCE InstrumentName=甲醇MA810, IsLast=0
OnRspQryInstrument InstrumentID=SF810 ExchangeID=CZCE InstrumentName=硅铁810, IsLast=0
OnRspQryInstrument InstrumentID=SM810 ExchangeID=CZCE InstrumentName=锰硅810, IsLast=0
OnRspQryInstrument InstrumentID=IC1806 ExchangeID=CFFEX InstrumentName=中证500股指1806, IsLast=0
OnRspQryInstrument InstrumentID=IF1806 ExchangeID=CFFEX InstrumentName=沪深300股指1806, IsLast=0
OnRtnInstrumentStatus ExchangeID=DCE InstrumentID=pp
OnRtnInstrumentStatus ExchangeID=SHFE InstrumentID=fu
OnRtnInstrumentStatus ExchangeID=SHFE InstrumentID=wr
OnRtnInstrumentStatus ExchangeID=DCE InstrumentID=v
OnRtnInstrumentStatus ExchangeID=CZCE InstrumentID=MA
OnRtnInstrumentStatus ExchangeID=CZCE InstrumentID=AP
OnRtnInstrumentStatus ExchangeID=CZCE InstrumentID=CF
OnRtnInstrumentStatus ExchangeID=CZCE InstrumentID=CY
OnRtnInstrumentStatus ExchangeID=CZCE InstrumentID=FG
OnRtnInstrumentStatus ExchangeID=DCE InstrumentID=a
OnRspQryInstrument InstrumentID=IH1806 ExchangeID=CFFEX InstrumentName=上证50股指1806, IsLast=0
OnRspQryInstrument InstrumentID=bb1810 ExchangeID=DCE InstrumentName=胶合板1810, IsLast=0
OnRspQryInstrument InstrumentID=fb1810 ExchangeID=DCE InstrumentName=纤维板1810, IsLast=0
OnRspQryInstrument InstrumentID=i1810 ExchangeID=DCE InstrumentName=铁矿石1810, IsLast=0
OnRspQryInstrument InstrumentID=j1810 ExchangeID=DCE InstrumentName=焦炭1810, IsLast=0
OnRspQryInstrument InstrumentID=jm1810 ExchangeID=DCE InstrumentName=焦煤1810, IsLast=0
OnRspQryInstrument InstrumentID=l1810 ExchangeID=DCE InstrumentName=聚乙烯1810, IsLast=0
OnRspQryInstrument InstrumentID=p1810 ExchangeID=DCE InstrumentName=棕榈油1810, IsLast=0
OnRspQryInstrument InstrumentID=pp1810 ExchangeID=DCE InstrumentName=聚丙烯1810, IsLast=0
OnRspQryInstrument InstrumentID=v1810 ExchangeID=DCE InstrumentName=聚氯乙烯1810, IsLast=0
OnRspQryInstrument InstrumentID=a1803 ExchangeID=DCE InstrumentName=黄大豆1号1803, IsLast=0
OnRspQryInstrument InstrumentID=fu1805 ExchangeID=SHFE InstrumentName=燃料油1805, IsLast=0
OnRspQryInstrument InstrumentID=TA809 ExchangeID=CZCE InstrumentName=化纤809, IsLast=0
OnRspQryInstrument InstrumentID=CF809 ExchangeID=CZCE InstrumentName=棉花809, IsLast=0
OnRspQryInstrument InstrumentID=SR903 ExchangeID=CZCE InstrumentName=白砂糖903, IsLast=0
OnRspQryInstrument InstrumentID=a1903 ExchangeID=DCE InstrumentName=黄大豆1号1903, IsLast=0
OnRspQryInstrument InstrumentID=b1809 ExchangeID=DCE InstrumentName=黄大豆2号1809, IsLast=0
OnRspQryInstrument InstrumentID=bb1809 ExchangeID=DCE InstrumentName=胶合板1809, IsLast=0
OnRspQryInstrument InstrumentID=c1809 ExchangeID=DCE InstrumentName=黄玉米1809, IsLast=0
OnRspQryInstrument InstrumentID=cs1809 ExchangeID=DCE InstrumentName=玉米淀粉1809, IsLast=0
OnRspQryInstrument InstrumentID=fb1809 ExchangeID=DCE InstrumentName=纤维板1809, IsLast=0
OnRspQryInstrument InstrumentID=i1809 ExchangeID=DCE InstrumentName=铁矿石1809, IsLast=0
OnRspQryInstrument InstrumentID=j1809 ExchangeID=DCE InstrumentName=焦炭1809, IsLast=0
OnRspQryInstrument InstrumentID=jm1809 ExchangeID=DCE InstrumentName=焦煤1809, IsLast=0
OnRspQryInstrument InstrumentID=l1809 ExchangeID=DCE InstrumentName=聚乙烯1809, IsLast=0
OnRspQryInstrument InstrumentID=m1809 ExchangeID=DCE InstrumentName=豆粕1809, IsLast=0
OnRspQryInstrument InstrumentID=p1809 ExchangeID=DCE InstrumentName=棕榈油1809, IsLast=0
OnRspQryInstrument InstrumentID=pp1809 ExchangeID=DCE InstrumentName=聚丙烯1809, IsLast=0
OnRspQryInstrument InstrumentID=v1809 ExchangeID=DCE InstrumentName=聚氯乙烯1809, IsLast=0
OnRspQryInstrument InstrumentID=y1809 ExchangeID=DCE InstrumentName=豆油1809, IsLast=0
OnRspQryInstrument InstrumentID=CY809 ExchangeID=CZCE InstrumentName=棉纱809, IsLast=0
OnRspQryInstrument InstrumentID=FG809 ExchangeID=CZCE InstrumentName=玻璃809, IsLast=0
OnRspQryInstrument InstrumentID=JR809 ExchangeID=CZCE InstrumentName=粳稻809, IsLast=0
OnRspQryInstrument InstrumentID=LR809 ExchangeID=CZCE InstrumentName=晚籼稻809, IsLast=0
OnRspQryInstrument InstrumentID=MA809 ExchangeID=CZCE InstrumentName=甲醇MA809, IsLast=0
OnRspQryInstrument InstrumentID=OI809 ExchangeID=CZCE InstrumentName=菜籽油809, IsLast=0
OnRspQryInstrument InstrumentID=PM809 ExchangeID=CZCE InstrumentName=普通小麦809, IsLast=0
OnRspQryInstrument InstrumentID=RI809 ExchangeID=CZCE InstrumentName=早籼稻809, IsLast=0
OnRspQryInstrument InstrumentID=RM809 ExchangeID=CZCE InstrumentName=菜籽粕809, IsLast=0
OnRspQryInstrument InstrumentID=RS809 ExchangeID=CZCE InstrumentName=油菜籽809, IsLast=0
OnRspQryInstrument InstrumentID=bu1809 ExchangeID=SHFE InstrumentName=沥青1809, IsLast=0
OnRspQryInstrument InstrumentID=bu1806 ExchangeID=SHFE InstrumentName=沥青1806, IsLast=0
OnRspQryInstrument InstrumentID=TA806 ExchangeID=CZCE InstrumentName=化纤806, IsLast=0
OnRspQryInstrument InstrumentID=FG806 ExchangeID=CZCE InstrumentName=玻璃806, IsLast=0
OnRspQryInstrument InstrumentID=MA806 ExchangeID=CZCE InstrumentName=甲醇MA806, IsLast=0
OnRspQryInstrument InstrumentID=SF806 ExchangeID=CZCE InstrumentName=硅铁806, IsLast=0
OnRspQryInstrument InstrumentID=SM806 ExchangeID=CZCE InstrumentName=锰硅806, IsLast=0
OnRspQryInstrument InstrumentID=bb1806 ExchangeID=DCE InstrumentName=胶合板1806, IsLast=0
OnRspQryInstrument InstrumentID=ZC812 ExchangeID=CZCE InstrumentName=动力煤ZC812, IsLast=0
OnRspQryInstrument InstrumentID=jd1803 ExchangeID=DCE InstrumentName=鲜鸡蛋1803, IsLast=0
OnRspQryInstrument InstrumentID=fu1804 ExchangeID=SHFE InstrumentName=燃料油1804, IsLast=0
OnRspQryInstrument InstrumentID=sc1802 ExchangeID=INE InstrumentName=原油1802, IsLast=0
OnRspQryInstrument InstrumentID=sc1803 ExchangeID=INE InstrumentName=原油1803, IsLast=0
OnRspQryInstrument InstrumentID=sc1804 ExchangeID=INE InstrumentName=原油1804, IsLast=0
OnRspQryInstrument InstrumentID=sc1806 ExchangeID=INE InstrumentName=原油1806, IsLast=0
OnRspQryInstrument InstrumentID=sc1809 ExchangeID=INE InstrumentName=原油1809, IsLast=0
OnRspQryInstrument InstrumentID=sc1812 ExchangeID=INE InstrumentName=原油1812, IsLast=0
OnRspQryInstrument InstrumentID=sc1903 ExchangeID=INE InstrumentName=原油1903, IsLast=0
OnRspQryInstrument InstrumentID=sc1906 ExchangeID=INE InstrumentName=原油1906, IsLast=0
OnRspQryInstrument InstrumentID=sc1909 ExchangeID=INE InstrumentName=原油1909, IsLast=0
OnRspQryInstrument InstrumentID=sc1912 ExchangeID=INE InstrumentName=原油1912, IsLast=0
OnRspQryInstrument InstrumentID=sc2003 ExchangeID=INE InstrumentName=原油2003, IsLast=0
OnRspQryInstrument InstrumentID=a1811 ExchangeID=DCE InstrumentName=黄大豆1号1811, IsLast=0
OnRspQryInstrument InstrumentID=b1805 ExchangeID=DCE InstrumentName=黄大豆2号1805, IsLast=0
OnRspQryInstrument InstrumentID=bb1805 ExchangeID=DCE InstrumentName=胶合板1805, IsLast=0
OnRspQryInstrument InstrumentID=fb1806 ExchangeID=DCE InstrumentName=纤维板1806, IsLast=0
OnRspQryInstrument InstrumentID=i1806 ExchangeID=DCE InstrumentName=铁矿石1806, IsLast=0
OnRspQryInstrument InstrumentID=j1806 ExchangeID=DCE InstrumentName=焦炭1806, IsLast=0
OnRspQryInstrument InstrumentID=jm1806 ExchangeID=DCE InstrumentName=焦煤1806, IsLast=0
OnRspQryInstrument InstrumentID=l1806 ExchangeID=DCE InstrumentName=聚乙烯1806, IsLast=0
OnRspQryInstrument InstrumentID=p1806 ExchangeID=DCE InstrumentName=棕榈油1806, IsLast=0
OnRspQryInstrument InstrumentID=pp1806 ExchangeID=DCE InstrumentName=聚丙烯1806, IsLast=0
OnRspQryInstrument InstrumentID=v1806 ExchangeID=DCE InstrumentName=聚氯乙烯1806, IsLast=0
OnRspQryInstrument InstrumentID=fu1808 ExchangeID=SHFE InstrumentName=燃料油1808, IsLast=0
OnRspQryInstrument InstrumentID=SF809 ExchangeID=CZCE InstrumentName=硅铁809, IsLast=0
OnRspQryInstrument InstrumentID=SM809 ExchangeID=CZCE InstrumentName=锰硅809, IsLast=0
OnRspQryInstrument InstrumentID=WH809 ExchangeID=CZCE InstrumentName=强筋麦809, IsLast=0
OnRspQryInstrument InstrumentID=c1805 ExchangeID=DCE InstrumentName=黄玉米1805, IsLast=0
OnRspQryInstrument InstrumentID=cs1805 ExchangeID=DCE InstrumentName=玉米淀粉1805, IsLast=0
OnRspQryInstrument InstrumentID=fb1805 ExchangeID=DCE InstrumentName=纤维板1805, IsLast=0
OnRtnInstrumentStatus ExchangeID=CZCE InstrumentID=ZC
OnRtnInstrumentStatus ExchangeID=DCE InstrumentID=b
OnRtnInstrumentStatus ExchangeID=SHFE InstrumentID=ag
OnRtnInstrumentStatus ExchangeID=DCE InstrumentID=jm
OnRtnInstrumentStatus ExchangeID=CZCE InstrumentID=OI
OnRtnInstrumentStatus ExchangeID=CZCE InstrumentID=RM
OnRtnInstrumentStatus ExchangeID=SHFE InstrumentID=al
OnRtnInstrumentStatus ExchangeID=DCE InstrumentID=i
OnRtnInstrumentStatus ExchangeID=CZCE InstrumentID=SR
OnRtnInstrumentStatus ExchangeID=SHFE InstrumentID=au
OnRspQryInstrument InstrumentID=ZC803 ExchangeID=CZCE InstrumentName=动力煤ZC803, IsLast=0
OnRspQryInstrument InstrumentID=CF803 ExchangeID=CZCE InstrumentName=棉花803, IsLast=0
OnRspQryInstrument InstrumentID=SR809 ExchangeID=CZCE InstrumentName=白砂糖809, IsLast=0
OnRspQryInstrument InstrumentID=TA803 ExchangeID=CZCE InstrumentName=化纤803, IsLast=0
OnRspQryInstrument InstrumentID=a1809 ExchangeID=DCE InstrumentName=黄大豆1号1809, IsLast=0
OnRspQryInstrument InstrumentID=b1803 ExchangeID=DCE InstrumentName=黄大豆2号1803, IsLast=0
OnRspQryInstrument InstrumentID=bb1803 ExchangeID=DCE InstrumentName=胶合板1803, IsLast=0
OnRspQryInstrument InstrumentID=c1803 ExchangeID=DCE InstrumentName=黄玉米1803, IsLast=0
OnRspQryInstrument InstrumentID=cs1803 ExchangeID=DCE InstrumentName=玉米淀粉1803, IsLast=0
OnRspQryInstrument InstrumentID=fb1803 ExchangeID=DCE InstrumentName=纤维板1803, IsLast=0
OnRspQryInstrument InstrumentID=i1803 ExchangeID=DCE InstrumentName=铁矿石1803, IsLast=0
OnRspQryInstrument InstrumentID=j1803 ExchangeID=DCE InstrumentName=焦炭1803, IsLast=0
OnRspQryInstrument InstrumentID=jm1803 ExchangeID=DCE InstrumentName=焦煤1803, IsLast=0
OnRspQryInstrument InstrumentID=l1803 ExchangeID=DCE InstrumentName=聚乙烯1803, IsLast=0
OnRspQryInstrument InstrumentID=m1803 ExchangeID=DCE InstrumentName=豆粕1803, IsLast=0
OnRspQryInstrument InstrumentID=p1803 ExchangeID=DCE InstrumentName=棕榈油1803, IsLast=0
OnRspQryInstrument InstrumentID=pp1803 ExchangeID=DCE InstrumentName=聚丙烯1803, IsLast=0
OnRspQryInstrument InstrumentID=v1803 ExchangeID=DCE InstrumentName=聚氯乙烯1803, IsLast=0
OnRspQryInstrument InstrumentID=y1803 ExchangeID=DCE InstrumentName=豆油1803, IsLast=0
OnRspQryInstrument InstrumentID=FG803 ExchangeID=CZCE InstrumentName=玻璃803, IsLast=0
OnRspQryInstrument InstrumentID=JR803 ExchangeID=CZCE InstrumentName=粳稻803, IsLast=0
OnRspQryInstrument InstrumentID=LR803 ExchangeID=CZCE InstrumentName=晚籼稻803, IsLast=0
OnRspQryInstrument InstrumentID=MA803 ExchangeID=CZCE InstrumentName=甲醇MA803, IsLast=0
OnRspQryInstrument InstrumentID=OI803 ExchangeID=CZCE InstrumentName=菜籽油803, IsLast=0
OnRspQryInstrument InstrumentID=PM803 ExchangeID=CZCE InstrumentName=普通小麦803, IsLast=0
OnRspQryInstrument InstrumentID=RI803 ExchangeID=CZCE InstrumentName=早籼稻803, IsLast=0
OnRspQryInstrument InstrumentID=RM803 ExchangeID=CZCE InstrumentName=菜籽粕803, IsLast=0
OnRspQryInstrument InstrumentID=a1807 ExchangeID=DCE InstrumentName=黄大豆1号1807, IsLast=0
OnRspQryInstrument InstrumentID=jd1801 ExchangeID=DCE InstrumentName=鲜鸡蛋1801, IsLast=0
OnRspQryInstrument InstrumentID=MA802 ExchangeID=CZCE InstrumentName=甲醇MA802, IsLast=0
OnRspQryInstrument InstrumentID=SF802 ExchangeID=CZCE InstrumentName=硅铁802, IsLast=0
OnRspQryInstrument InstrumentID=SM802 ExchangeID=CZCE InstrumentName=锰硅802, IsLast=0
OnRspQryInstrument InstrumentID=bb1802 ExchangeID=DCE InstrumentName=胶合板1802, IsLast=0
OnRspQryInstrument InstrumentID=fb1802 ExchangeID=DCE InstrumentName=纤维板1802, IsLast=0
OnRspQryInstrument InstrumentID=i1802 ExchangeID=DCE InstrumentName=铁矿石1802, IsLast=0
OnRspQryInstrument InstrumentID=j1802 ExchangeID=DCE InstrumentName=焦炭1802, IsLast=0
OnRspQryInstrument InstrumentID=jd1802 ExchangeID=DCE InstrumentName=鲜鸡蛋1802, IsLast=0
OnRspQryInstrument InstrumentID=jm1802 ExchangeID=DCE InstrumentName=焦煤1802, IsLast=0
OnRspQryInstrument InstrumentID=l1802 ExchangeID=DCE InstrumentName=聚乙烯1802, IsLast=0
OnRspQryInstrument InstrumentID=p1802 ExchangeID=DCE InstrumentName=棕榈油1802, IsLast=0
OnRspQryInstrument InstrumentID=pp1802 ExchangeID=DCE InstrumentName=聚丙烯1802, IsLast=0
OnRspQryInstrument InstrumentID=v1802 ExchangeID=DCE InstrumentName=聚氯乙烯1802, IsLast=0
OnRspQryInstrument InstrumentID=fu1803 ExchangeID=SHFE InstrumentName=燃料油1803, IsLast=0
OnRspQryInstrument InstrumentID=sc2006 ExchangeID=INE InstrumentName=原油2006, IsLast=0
OnRspQryInstrument InstrumentID=ag1811 ExchangeID=SHFE InstrumentName=白银1811, IsLast=0
OnRspQryInstrument InstrumentID=al1811 ExchangeID=SHFE InstrumentName=铝1811, IsLast=0
OnRspQryInstrument InstrumentID=au1812 ExchangeID=SHFE InstrumentName=黄金1812, IsLast=0
OnRspQryInstrument InstrumentID=bu1805 ExchangeID=SHFE InstrumentName=沥青1805, IsLast=0
OnRspQryInstrument InstrumentID=cu1811 ExchangeID=SHFE InstrumentName=铜1811, IsLast=0
OnRspQryInstrument InstrumentID=hc1811 ExchangeID=SHFE InstrumentName=热轧板1811, IsLast=0
OnRspQryInstrument InstrumentID=ni1811 ExchangeID=SHFE InstrumentName=镍1811, IsLast=0
OnRspQryInstrument InstrumentID=pb1811 ExchangeID=SHFE InstrumentName=铅1811, IsLast=0
OnRspQryInstrument InstrumentID=rb1811 ExchangeID=SHFE InstrumentName=螺纹钢1811, IsLast=0
OnRspQryInstrument InstrumentID=ru1811 ExchangeID=SHFE InstrumentName=天然橡胶1811, IsLast=0
OnRspQryInstrument InstrumentID=sn1811 ExchangeID=SHFE InstrumentName=锡1811, IsLast=0
OnRspQryInstrument InstrumentID=wr1811 ExchangeID=SHFE InstrumentName=线材1811, IsLast=0
OnRspQryInstrument InstrumentID=zn1811 ExchangeID=SHFE InstrumentName=锌1811, IsLast=0
OnRspQryInstrument InstrumentID=fu1810 ExchangeID=SHFE InstrumentName=燃料油1810, IsLast=0
OnRspQryInstrument InstrumentID=ag1805 ExchangeID=SHFE InstrumentName=白银1805, IsLast=0
OnRspQryInstrument InstrumentID=al1805 ExchangeID=SHFE InstrumentName=铝1805, IsLast=0
OnRspQryInstrument InstrumentID=au1806 ExchangeID=SHFE InstrumentName=黄金1806, IsLast=0
OnRspQryInstrument InstrumentID=jd1805 ExchangeID=DCE InstrumentName=鲜鸡蛋1805, IsLast=0
OnRspQryInstrument InstrumentID=i1805 ExchangeID=DCE InstrumentName=铁矿石1805, IsLast=0
OnRspQryInstrument InstrumentID=j1805 ExchangeID=DCE InstrumentName=焦炭1805, IsLast=0
OnRspQryInstrument InstrumentID=jm1805 ExchangeID=DCE InstrumentName=焦煤1805, IsLast=0
OnRspQryInstrument InstrumentID=l1805 ExchangeID=DCE InstrumentName=聚乙烯1805, IsLast=0
OnRspQryInstrument InstrumentID=m1805 ExchangeID=DCE InstrumentName=豆粕1805, IsLast=0
OnRspQryInstrument InstrumentID=p1805 ExchangeID=DCE InstrumentName=棕榈油1805, IsLast=0
OnRspQryInstrument InstrumentID=pp1805 ExchangeID=DCE InstrumentName=聚丙烯1805, IsLast=0
OnRspQryInstrument InstrumentID=v1805 ExchangeID=DCE InstrumentName=聚氯乙烯1805, IsLast=0
OnRspQryInstrument InstrumentID=y1805 ExchangeID=DCE InstrumentName=豆油1805, IsLast=0
OnRspQryInstrument InstrumentID=FG805 ExchangeID=CZCE InstrumentName=玻璃805, IsLast=0
OnRspQryInstrument InstrumentID=JR805 ExchangeID=CZCE InstrumentName=粳稻805, IsLast=0
OnRspQryInstrument InstrumentID=LR805 ExchangeID=CZCE InstrumentName=晚籼稻805, IsLast=0
OnRspQryInstrument InstrumentID=MA805 ExchangeID=CZCE InstrumentName=甲醇MA805, IsLast=0
OnRspQryInstrument InstrumentID=OI805 ExchangeID=CZCE InstrumentName=菜籽油805, IsLast=0
OnRspQryInstrument InstrumentID=PM805 ExchangeID=CZCE InstrumentName=普通小麦805, IsLast=0
OnRspQryInstrument InstrumentID=RI805 ExchangeID=CZCE InstrumentName=早籼稻805, IsLast=0
OnRspQryInstrument InstrumentID=RM805 ExchangeID=CZCE InstrumentName=菜籽粕805, IsLast=0
OnRspQryInstrument InstrumentID=SF805 ExchangeID=CZCE InstrumentName=硅铁805, IsLast=0
OnRtnInstrumentStatus ExchangeID=DCE InstrumentID=j
OnRtnInstrumentStatus ExchangeID=CZCE InstrumentID=TA
OnRtnInstrumentStatus ExchangeID=SHFE InstrumentID=bu
OnRtnInstrumentStatus ExchangeID=DCE InstrumentID=m
OnRtnInstrumentStatus ExchangeID=SHFE InstrumentID=cu
OnRtnInstrumentStatus ExchangeID=DCE InstrumentID=p
OnRtnInstrumentStatus ExchangeID=SHFE InstrumentID=hc
OnRtnInstrumentStatus ExchangeID=DCE InstrumentID=y
OnRtnInstrumentStatus ExchangeID=SHFE InstrumentID=ni
OnRtnInstrumentStatus ExchangeID=SHFE InstrumentID=pb
OnRspQryInstrument InstrumentID=SM805 ExchangeID=CZCE InstrumentName=锰硅805, IsLast=0
OnRspQryInstrument InstrumentID=sc1810 ExchangeID=INE InstrumentName=原油1810, IsLast=0
OnRspQryInstrument InstrumentID=ag1808 ExchangeID=SHFE InstrumentName=白银1808, IsLast=0
OnRspQryInstrument InstrumentID=al1808 ExchangeID=SHFE InstrumentName=铝1808, IsLast=0
OnRspQryInstrument InstrumentID=bu1802 ExchangeID=SHFE InstrumentName=沥青1802, IsLast=0
OnRspQryInstrument InstrumentID=cu1808 ExchangeID=SHFE InstrumentName=铜1808, IsLast=0
OnRspQryInstrument InstrumentID=hc1808 ExchangeID=SHFE InstrumentName=热轧板1808, IsLast=0
OnRspQryInstrument InstrumentID=ni1808 ExchangeID=SHFE InstrumentName=镍1808, IsLast=0
OnRspQryInstrument InstrumentID=pb1808 ExchangeID=SHFE InstrumentName=铅1808, IsLast=0
OnRspQryInstrument InstrumentID=rb1808 ExchangeID=SHFE InstrumentName=螺纹钢1808, IsLast=0
OnRspQryInstrument InstrumentID=ru1808 ExchangeID=SHFE InstrumentName=天然橡胶1808, IsLast=0
OnRspQryInstrument InstrumentID=sn1808 ExchangeID=SHFE InstrumentName=锡1808, IsLast=0
OnRspQryInstrument InstrumentID=wr1808 ExchangeID=SHFE InstrumentName=线材1808, IsLast=0
OnRspQryInstrument InstrumentID=zn1808 ExchangeID=SHFE InstrumentName=锌1808, IsLast=0
OnRspQryInstrument InstrumentID=ag1804 ExchangeID=SHFE InstrumentName=白银1804, IsLast=0
OnRspQryInstrument InstrumentID=al1804 ExchangeID=SHFE InstrumentName=铝1804, IsLast=0
OnRspQryInstrument InstrumentID=cu1804 ExchangeID=SHFE InstrumentName=铜1804, IsLast=0
OnRspQryInstrument InstrumentID=hc1804 ExchangeID=SHFE InstrumentName=热轧板1804, IsLast=0
OnRspQryInstrument InstrumentID=ni1804 ExchangeID=SHFE InstrumentName=镍1804, IsLast=0
OnRspQryInstrument InstrumentID=pb1804 ExchangeID=SHFE InstrumentName=铅1804, IsLast=0
OnRspQryInstrument InstrumentID=rb1804 ExchangeID=SHFE InstrumentName=螺纹钢1804, IsLast=0
OnRspQryInstrument InstrumentID=ru1804 ExchangeID=SHFE InstrumentName=天然橡胶1804, IsLast=0
OnRspQryInstrument InstrumentID=sn1804 ExchangeID=SHFE InstrumentName=锡1804, IsLast=0
OnRspQryInstrument InstrumentID=wr1804 ExchangeID=SHFE InstrumentName=线材1804, IsLast=0
OnRspQryInstrument InstrumentID=zn1804 ExchangeID=SHFE InstrumentName=锌1804, IsLast=0
OnRspQryInstrument InstrumentID=IC1803 ExchangeID=CFFEX InstrumentName=中证500股指1803, IsLast=0
OnRspQryInstrument InstrumentID=IF1803 ExchangeID=CFFEX InstrumentName=沪深300股指1803, IsLast=0
OnRspQryInstrument InstrumentID=WH805 ExchangeID=CZCE InstrumentName=强筋麦805, IsLast=0
OnRspQryInstrument InstrumentID=ag1807 ExchangeID=SHFE InstrumentName=白银1807, IsLast=0
OnRspQryInstrument InstrumentID=SF803 ExchangeID=CZCE InstrumentName=硅铁803, IsLast=0
OnRspQryInstrument InstrumentID=SM803 ExchangeID=CZCE InstrumentName=锰硅803, IsLast=0
OnRspQryInstrument InstrumentID=WH803 ExchangeID=CZCE InstrumentName=强筋麦803, IsLast=0
OnRspQryInstrument InstrumentID=bb1804 ExchangeID=DCE InstrumentName=胶合板1804, IsLast=0
OnRspQryInstrument InstrumentID=fb1804 ExchangeID=DCE InstrumentName=纤维板1804, IsLast=0
OnRspQryInstrument InstrumentID=i1804 ExchangeID=DCE InstrumentName=铁矿石1804, IsLast=0
OnRspQryInstrument InstrumentID=j1804 ExchangeID=DCE InstrumentName=焦炭1804, IsLast=0
OnRspQryInstrument InstrumentID=jm1804 ExchangeID=DCE InstrumentName=焦煤1804, IsLast=0
OnRspQryInstrument InstrumentID=l1804 ExchangeID=DCE InstrumentName=聚乙烯1804, IsLast=0
OnRspQryInstrument InstrumentID=p1804 ExchangeID=DCE InstrumentName=棕榈油1804, IsLast=0
OnRspQryInstrument InstrumentID=FG804 ExchangeID=CZCE InstrumentName=玻璃804, IsLast=0
OnRspQryInstrument InstrumentID=pp1804 ExchangeID=DCE InstrumentName=聚丙烯1804, IsLast=0
OnRspQryInstrument InstrumentID=v1804 ExchangeID=DCE InstrumentName=聚氯乙烯1804, IsLast=0
OnRspQryInstrument InstrumentID=MA804 ExchangeID=CZCE InstrumentName=甲醇MA804, IsLast=0
OnRspQryInstrument InstrumentID=SF804 ExchangeID=CZCE InstrumentName=硅铁804, IsLast=0
OnRspQryInstrument InstrumentID=SM804 ExchangeID=CZCE InstrumentName=锰硅804, IsLast=0
OnRspQryInstrument InstrumentID=sc1805 ExchangeID=INE InstrumentName=原油1805, IsLast=0
OnRspQryInstrument InstrumentID=ZC807 ExchangeID=CZCE InstrumentName=动力煤ZC807, IsLast=0
OnRspQryInstrument InstrumentID=SR901 ExchangeID=CZCE InstrumentName=白砂糖901, IsLast=0
OnRspQryInstrument InstrumentID=CF807 ExchangeID=CZCE InstrumentName=棉花807, IsLast=0
OnRspQryInstrument InstrumentID=TA807 ExchangeID=CZCE InstrumentName=化纤807, IsLast=0
OnRspQryInstrument InstrumentID=FG807 ExchangeID=CZCE InstrumentName=玻璃807, IsLast=0
OnRspQryInstrument InstrumentID=JR807 ExchangeID=CZCE InstrumentName=粳稻807, IsLast=0
OnRspQryInstrument InstrumentID=LR807 ExchangeID=CZCE InstrumentName=晚籼稻807, IsLast=0
OnRspQryInstrument InstrumentID=MA807 ExchangeID=CZCE InstrumentName=甲醇MA807, IsLast=0
OnRspQryInstrument InstrumentID=OI807 ExchangeID=CZCE InstrumentName=菜籽油807, IsLast=0
OnRspQryInstrument InstrumentID=IH1803 ExchangeID=CFFEX InstrumentName=上证50股指1803, IsLast=0
OnRspQryInstrument InstrumentID=ZC806 ExchangeID=CZCE InstrumentName=动力煤ZC806, IsLast=0
OnRspQryInstrument InstrumentID=sc1808 ExchangeID=INE InstrumentName=原油1808, IsLast=0
OnRspQryInstrument InstrumentID=ZC808 ExchangeID=CZCE InstrumentName=动力煤ZC808, IsLast=0
OnRspQryInstrument InstrumentID=CY802 ExchangeID=CZCE InstrumentName=棉纱802, IsLast=0
OnRspQryInstrument InstrumentID=CY803 ExchangeID=CZCE InstrumentName=棉纱803, IsLast=0
OnRspQryInstrument InstrumentID=CY804 ExchangeID=CZCE InstrumentName=棉纱804, IsLast=0
OnRspQryInstrument InstrumentID=CY805 ExchangeID=CZCE InstrumentName=棉纱805, IsLast=0
OnRspQryInstrument InstrumentID=CY806 ExchangeID=CZCE InstrumentName=棉纱806, IsLast=0
OnRspQryInstrument InstrumentID=CY807 ExchangeID=CZCE InstrumentName=棉纱807, IsLast=0
OnRspQryInstrument InstrumentID=CY808 ExchangeID=CZCE InstrumentName=棉纱808, IsLast=0
OnRspQryInstrument InstrumentID=PM807 ExchangeID=CZCE InstrumentName=普通小麦807, IsLast=0
OnRspQryInstrument InstrumentID=RI807 ExchangeID=CZCE InstrumentName=早籼稻807, IsLast=0
OnRspQryInstrument InstrumentID=RM807 ExchangeID=CZCE InstrumentName=菜籽粕807, IsLast=0
OnRspQryInstrument InstrumentID=a1805 ExchangeID=DCE InstrumentName=黄大豆1号1805, IsLast=0
OnRspQryInstrument InstrumentID=fu1809 ExchangeID=SHFE InstrumentName=燃料油1809, IsLast=0
OnRspQryInstrument InstrumentID=sc2009 ExchangeID=INE InstrumentName=原油2009, IsLast=0
OnRspQryInstrument InstrumentID=al1807 ExchangeID=SHFE InstrumentName=铝1807, IsLast=0
OnRspQryInstrument InstrumentID=au1808 ExchangeID=SHFE InstrumentName=黄金1808, IsLast=0
OnRspQryInstrument InstrumentID=cu1807 ExchangeID=SHFE InstrumentName=铜1807, IsLast=0
OnRspQryInstrument InstrumentID=hc1807 ExchangeID=SHFE InstrumentName=热轧板1807, IsLast=0
OnRspQryInstrument InstrumentID=ni1807 ExchangeID=SHFE InstrumentName=镍1807, IsLast=0
OnRspQryInstrument InstrumentID=pb1807 ExchangeID=SHFE InstrumentName=铅1807, IsLast=0
OnRspQryInstrument InstrumentID=rb1807 ExchangeID=SHFE InstrumentName=螺纹钢1807, IsLast=0
OnRspQryInstrument InstrumentID=ru1807 ExchangeID=SHFE InstrumentName=天然橡胶1807, IsLast=0
OnRspQryInstrument InstrumentID=sn1807 ExchangeID=SHFE InstrumentName=锡1807, IsLast=0
OnRspQryInstrument InstrumentID=wr1807 ExchangeID=SHFE InstrumentName=线材1807, IsLast=0
OnRspQryInstrument InstrumentID=zn1807 ExchangeID=SHFE InstrumentName=锌1807, IsLast=0
OnRspQryInstrument InstrumentID=ZC809 ExchangeID=CZCE InstrumentName=动力煤ZC809, IsLast=0
OnRtnInstrumentStatus ExchangeID=SHFE InstrumentID=rb
OnRtnInstrumentStatus ExchangeID=SHFE InstrumentID=ru
OnRtnInstrumentStatus ExchangeID=SHFE InstrumentID=sn
OnRtnInstrumentStatus ExchangeID=SHFE InstrumentID=zn
OnRtnInstrumentStatus ExchangeID=INE InstrumentID=scefp
OnRtnInstrumentStatus ExchangeID=INE InstrumentID=sc
OnRtnInstrumentStatus ExchangeID=CZCE InstrumentID=JR
OnRtnInstrumentStatus ExchangeID=CFFEX InstrumentID=IC
OnRtnInstrumentStatus ExchangeID=CZCE InstrumentID=LR
OnRtnInstrumentStatus ExchangeID=CFFEX InstrumentID=IF
OnRspQryInstrument InstrumentID=ag1810 ExchangeID=SHFE InstrumentName=白银1810, IsLast=0
OnRspQryInstrument InstrumentID=al1810 ExchangeID=SHFE InstrumentName=铝1810, IsLast=0
OnRspQryInstrument InstrumentID=bu1804 ExchangeID=SHFE InstrumentName=沥青1804, IsLast=0
OnRspQryInstrument InstrumentID=cu1810 ExchangeID=SHFE InstrumentName=铜1810, IsLast=0
OnRspQryInstrument InstrumentID=hc1810 ExchangeID=SHFE InstrumentName=热轧板1810, IsLast=0
OnRspQryInstrument InstrumentID=ni1810 ExchangeID=SHFE InstrumentName=镍1810, IsLast=0
OnRspQryInstrument InstrumentID=pb1810 ExchangeID=SHFE InstrumentName=铅1810, IsLast=0
OnRspQryInstrument InstrumentID=rb1810 ExchangeID=SHFE InstrumentName=螺纹钢1810, IsLast=0
OnRspQryInstrument InstrumentID=ru1810 ExchangeID=SHFE InstrumentName=天然橡胶1810, IsLast=0
OnRspQryInstrument InstrumentID=sn1810 ExchangeID=SHFE InstrumentName=锡1810, IsLast=0
OnRspQryInstrument InstrumentID=wr1810 ExchangeID=SHFE InstrumentName=线材1810, IsLast=0
OnRspQryInstrument InstrumentID=zn1810 ExchangeID=SHFE InstrumentName=锌1810, IsLast=0
OnRspQryInstrument InstrumentID=ag1806 ExchangeID=SHFE InstrumentName=白银1806, IsLast=0
OnRspQryInstrument InstrumentID=al1806 ExchangeID=SHFE InstrumentName=铝1806, IsLast=0
OnRspQryInstrument InstrumentID=bu1906 ExchangeID=SHFE InstrumentName=沥青1906, IsLast=0
OnRspQryInstrument InstrumentID=cu1806 ExchangeID=SHFE InstrumentName=铜1806, IsLast=0
OnRspQryInstrument InstrumentID=hc1806 ExchangeID=SHFE InstrumentName=热轧板1806, IsLast=0
OnRspQryInstrument InstrumentID=ni1806 ExchangeID=SHFE InstrumentName=镍1806, IsLast=0
OnRspQryInstrument InstrumentID=pb1806 ExchangeID=SHFE InstrumentName=铅1806, IsLast=0
OnRspQryInstrument InstrumentID=rb1806 ExchangeID=SHFE InstrumentName=螺纹钢1806, IsLast=0
OnRspQryInstrument InstrumentID=ru1806 ExchangeID=SHFE InstrumentName=天然橡胶1806, IsLast=0
OnRspQryInstrument InstrumentID=sn1806 ExchangeID=SHFE InstrumentName=锡1806, IsLast=0
OnRspQryInstrument InstrumentID=wr1806 ExchangeID=SHFE InstrumentName=线材1806, IsLast=0
OnRspQryInstrument InstrumentID=zn1806 ExchangeID=SHFE InstrumentName=锌1806, IsLast=0
OnRspQryInstrument InstrumentID=ag1803 ExchangeID=SHFE InstrumentName=白银1803, IsLast=0
OnRspQryInstrument InstrumentID=al1803 ExchangeID=SHFE InstrumentName=铝1803, IsLast=0
OnRspQryInstrument InstrumentID=jd1810 ExchangeID=DCE InstrumentName=鲜鸡蛋1810, IsLast=0
OnRspQryInstrument InstrumentID=fu1811 ExchangeID=SHFE InstrumentName=燃料油1811, IsLast=0
OnRspQryInstrument InstrumentID=sc1811 ExchangeID=INE InstrumentName=原油1811, IsLast=0
OnRspQryInstrument InstrumentID=jd1806 ExchangeID=DCE InstrumentName=鲜鸡蛋1806, IsLast=0
OnRspQryInstrument InstrumentID=RS807 ExchangeID=CZCE InstrumentName=油菜籽807, IsLast=0
OnRspQryInstrument InstrumentID=SF807 ExchangeID=CZCE InstrumentName=硅铁807, IsLast=0
OnRspQryInstrument InstrumentID=SM807 ExchangeID=CZCE InstrumentName=锰硅807, IsLast=0
OnRspQryInstrument InstrumentID=WH807 ExchangeID=CZCE InstrumentName=强筋麦807, IsLast=0
OnRspQryInstrument InstrumentID=a1901 ExchangeID=DCE InstrumentName=黄大豆1号1901, IsLast=0
OnRspQryInstrument InstrumentID=b1807 ExchangeID=DCE InstrumentName=黄大豆2号1807, IsLast=0
OnRspQryInstrument InstrumentID=bb1807 ExchangeID=DCE InstrumentName=胶合板1807, IsLast=0
OnRspQryInstrument InstrumentID=c1807 ExchangeID=DCE InstrumentName=黄玉米1807, IsLast=0
OnRspQryInstrument InstrumentID=cs1807 ExchangeID=DCE InstrumentName=玉米淀粉1807, IsLast=0
OnRspQryInstrument InstrumentID=fb1807 ExchangeID=DCE InstrumentName=纤维板1807, IsLast=0
OnRspQryInstrument InstrumentID=i1807 ExchangeID=DCE InstrumentName=铁矿石1807, IsLast=0
OnRspQryInstrument InstrumentID=j1807 ExchangeID=DCE InstrumentName=焦炭1807, IsLast=0
OnRspQryInstrument InstrumentID=jm1807 ExchangeID=DCE InstrumentName=焦煤1807, IsLast=0
OnRspQryInstrument InstrumentID=l1807 ExchangeID=DCE InstrumentName=聚乙烯1807, IsLast=0
OnRspQryInstrument InstrumentID=m1807 ExchangeID=DCE InstrumentName=豆粕1807, IsLast=0
OnRspQryInstrument InstrumentID=p1807 ExchangeID=DCE InstrumentName=棕榈油1807, IsLast=0
OnRspQryInstrument InstrumentID=pp1807 ExchangeID=DCE InstrumentName=聚丙烯1807, IsLast=0
OnRspQryInstrument InstrumentID=v1807 ExchangeID=DCE InstrumentName=聚氯乙烯1807, IsLast=0
OnRspQryInstrument InstrumentID=y1807 ExchangeID=DCE InstrumentName=豆油1807, IsLast=0
OnRspQryInstrument InstrumentID=TA808 ExchangeID=CZCE InstrumentName=化纤808, IsLast=0
OnRspQryInstrument InstrumentID=bb1808 ExchangeID=DCE InstrumentName=胶合板1808, IsLast=0
OnRspQryInstrument InstrumentID=fb1808 ExchangeID=DCE InstrumentName=纤维板1808, IsLast=0
OnRspQryInstrument InstrumentID=i1808 ExchangeID=DCE InstrumentName=铁矿石1808, IsLast=0
OnRspQryInstrument InstrumentID=j1808 ExchangeID=DCE InstrumentName=焦炭1808, IsLast=0
OnRspQryInstrument InstrumentID=jm1808 ExchangeID=DCE InstrumentName=焦煤1808, IsLast=0
OnRspQryInstrument InstrumentID=au1804 ExchangeID=SHFE InstrumentName=黄金1804, IsLast=0
OnRtnInstrumentStatus ExchangeID=CFFEX InstrumentID=IH
OnRtnInstrumentStatus ExchangeID=CFFEX InstrumentID=TF
OnRtnInstrumentStatus ExchangeID=CFFEX InstrumentID=T
OnRtnInstrumentStatus ExchangeID=CZCE InstrumentID=WH
OnRtnInstrumentStatus ExchangeID=CZCE InstrumentID=PM
OnRtnInstrumentStatus ExchangeID=CZCE InstrumentID=RI
OnRtnInstrumentStatus ExchangeID=CZCE InstrumentID=RS
OnRtnInstrumentStatus ExchangeID=CZCE InstrumentID=SF
OnRtnInstrumentStatus ExchangeID=CZCE InstrumentID=SM
OnRtnInstrumentStatus ExchangeID=SHFE InstrumentID=fu
OnRspQryInstrument InstrumentID=bu1903 ExchangeID=SHFE InstrumentName=沥青1903, IsLast=0
OnRspQryInstrument InstrumentID=cu1803 ExchangeID=SHFE InstrumentName=铜1803, IsLast=0
OnRspQryInstrument InstrumentID=hc1803 ExchangeID=SHFE InstrumentName=热轧板1803, IsLast=0
OnRspQryInstrument InstrumentID=ni1803 ExchangeID=SHFE InstrumentName=镍1803, IsLast=0
OnRspQryInstrument InstrumentID=pb1803 ExchangeID=SHFE InstrumentName=铅1803, IsLast=0
OnRspQryInstrument InstrumentID=rb1803 ExchangeID=SHFE InstrumentName=螺纹钢1803, IsLast=0
OnRspQryInstrument InstrumentID=ru1803 ExchangeID=SHFE InstrumentName=天然橡胶1803, IsLast=0
OnRspQryInstrument InstrumentID=sn1803 ExchangeID=SHFE InstrumentName=锡1803, IsLast=0
OnRspQryInstrument InstrumentID=wr1803 ExchangeID=SHFE InstrumentName=线材1803, IsLast=0
OnRspQryInstrument InstrumentID=zn1803 ExchangeID=SHFE InstrumentName=锌1803, IsLast=0
OnRspQryInstrument InstrumentID=l1808 ExchangeID=DCE InstrumentName=聚乙烯1808, IsLast=0
OnRspQryInstrument InstrumentID=m1808 ExchangeID=DCE InstrumentName=豆粕1808, IsLast=0
OnRspQryInstrument InstrumentID=p1808 ExchangeID=DCE InstrumentName=棕榈油1808, IsLast=0
OnRspQryInstrument InstrumentID=ZC811 ExchangeID=CZCE InstrumentName=动力煤ZC811, IsLast=0
OnRspQryInstrument InstrumentID=pp1808 ExchangeID=DCE InstrumentName=聚丙烯1808, IsLast=0
OnRspQryInstrument InstrumentID=v1808 ExchangeID=DCE InstrumentName=聚氯乙烯1808, IsLast=0
OnRspQryInstrument InstrumentID=y1808 ExchangeID=DCE InstrumentName=豆油1808, IsLast=0
OnRspQryInstrument InstrumentID=FG808 ExchangeID=CZCE InstrumentName=玻璃808, IsLast=0
OnRspQryInstrument InstrumentID=MA808 ExchangeID=CZCE InstrumentName=甲醇MA808, IsLast=0
OnRspQryInstrument InstrumentID=RM808 ExchangeID=CZCE InstrumentName=菜籽粕808, IsLast=0
OnRspQryInstrument InstrumentID=RS808 ExchangeID=CZCE InstrumentName=油菜籽808, IsLast=0
OnRspQryInstrument InstrumentID=SF808 ExchangeID=CZCE InstrumentName=硅铁808, IsLast=0
OnRspQryInstrument InstrumentID=SM808 ExchangeID=CZCE InstrumentName=锰硅808, IsLast=0
OnRspQryInstrument InstrumentID=T1806 ExchangeID=CFFEX InstrumentName=10年国债1806, IsLast=0
OnRspQryInstrument InstrumentID=TF1806 ExchangeID=CFFEX InstrumentName=5年国债1806, IsLast=0
OnRspQryInstrument InstrumentID=CF811 ExchangeID=CZCE InstrumentName=棉花811, IsLast=0
OnRspQryInstrument InstrumentID=TA811 ExchangeID=CZCE InstrumentName=化纤811, IsLast=0
OnRspQryInstrument InstrumentID=SR905 ExchangeID=CZCE InstrumentName=白砂糖905, IsLast=0
OnRspQryInstrument InstrumentID=c1811 ExchangeID=DCE InstrumentName=黄玉米1811, IsLast=0
OnRspQryInstrument InstrumentID=cs1811 ExchangeID=DCE InstrumentName=玉米淀粉1811, IsLast=0
OnRspQryInstrument InstrumentID=fb1811 ExchangeID=DCE InstrumentName=纤维板1811, IsLast=0
OnRspQryInstrument InstrumentID=i1811 ExchangeID=DCE InstrumentName=铁矿石1811, IsLast=0
OnRspQryInstrument InstrumentID=j1811 ExchangeID=DCE InstrumentName=焦炭1811, IsLast=0
OnRspQryInstrument InstrumentID=jm1811 ExchangeID=DCE InstrumentName=焦煤1811, IsLast=0
OnRspQryInstrument InstrumentID=l1811 ExchangeID=DCE InstrumentName=聚乙烯1811, IsLast=0
OnRspQryInstrument InstrumentID=m1811 ExchangeID=DCE InstrumentName=豆粕1811, IsLast=0
OnRspQryInstrument InstrumentID=TA901 ExchangeID=CZCE InstrumentName=化纤901, IsLast=0
OnRspQryInstrument InstrumentID=CF901 ExchangeID=CZCE InstrumentName=棉花901, IsLast=0
OnRspQryInstrument InstrumentID=SR907 ExchangeID=CZCE InstrumentName=白砂糖907, IsLast=0
OnRspQryInstrument InstrumentID=a1907 ExchangeID=DCE InstrumentName=黄大豆1号1907, IsLast=0
OnRspQryInstrument InstrumentID=b1901 ExchangeID=DCE InstrumentName=黄大豆2号1901, IsLast=0
OnRspQryInstrument InstrumentID=bb1901 ExchangeID=DCE InstrumentName=胶合板1901, IsLast=0
OnRspQryInstrument InstrumentID=c1901 ExchangeID=DCE InstrumentName=黄玉米1901, IsLast=0
OnRspQryInstrument InstrumentID=cs1901 ExchangeID=DCE InstrumentName=玉米淀粉1901, IsLast=0
OnRspQryInstrument InstrumentID=fb1901 ExchangeID=DCE InstrumentName=纤维板1901, IsLast=0
OnRspQryInstrument InstrumentID=i1901 ExchangeID=DCE InstrumentName=铁矿石1901, IsLast=0
OnRspQryInstrument InstrumentID=j1901 ExchangeID=DCE InstrumentName=焦炭1901, IsLast=0
OnRspQryInstrument InstrumentID=jm1901 ExchangeID=DCE InstrumentName=焦煤1901, IsLast=0
OnRspQryInstrument InstrumentID=l1901 ExchangeID=DCE InstrumentName=聚乙烯1901, IsLast=0
OnRspQryInstrument InstrumentID=m1901 ExchangeID=DCE InstrumentName=豆粕1901, IsLast=0
OnRspQryInstrument InstrumentID=p1901 ExchangeID=DCE InstrumentName=棕榈油1901, IsLast=0
OnRspQryInstrument InstrumentID=pp1901 ExchangeID=DCE InstrumentName=聚丙烯1901, IsLast=0
OnRspQryInstrument InstrumentID=v1901 ExchangeID=DCE InstrumentName=聚氯乙烯1901, IsLast=0
OnRspQryInstrument InstrumentID=y1901 ExchangeID=DCE InstrumentName=豆油1901, IsLast=0
OnRspQryInstrument InstrumentID=AP901 ExchangeID=CZCE InstrumentName=苹果901, IsLast=0
OnRspQryInstrument InstrumentID=CY901 ExchangeID=CZCE InstrumentName=棉纱901, IsLast=0
OnRspQryInstrument InstrumentID=FG901 ExchangeID=CZCE InstrumentName=玻璃901, IsLast=0
OnRspQryInstrument InstrumentID=JR901 ExchangeID=CZCE InstrumentName=粳稻901, IsLast=0
OnRspQryInstrument InstrumentID=LR901 ExchangeID=CZCE InstrumentName=晚籼稻901, IsLast=0
OnRspQryInstrument InstrumentID=MA901 ExchangeID=CZCE InstrumentName=甲醇MA901, IsLast=0
OnRspQryInstrument InstrumentID=OI901 ExchangeID=CZCE InstrumentName=菜籽油901, IsLast=0
OnRspQryInstrument InstrumentID=PM901 ExchangeID=CZCE InstrumentName=普通小麦901, IsLast=0
OnRspQryInstrument InstrumentID=RI901 ExchangeID=CZCE InstrumentName=早籼稻901, IsLast=0
OnRspQryInstrument InstrumentID=RM901 ExchangeID=CZCE InstrumentName=菜籽粕901, IsLast=0
OnRspQryInstrument InstrumentID=SF901 ExchangeID=CZCE InstrumentName=硅铁901, IsLast=0
OnRspQryInstrument InstrumentID=T1809 ExchangeID=CFFEX InstrumentName=10年国债1809, IsLast=0
OnRspQryInstrument InstrumentID=TF1809 ExchangeID=CFFEX InstrumentName=5年国债1809, IsLast=0
OnRspQryInstrument InstrumentID=TA812 ExchangeID=CZCE InstrumentName=化纤812, IsLast=0
OnRspQryInstrument InstrumentID=SM812 ExchangeID=CZCE InstrumentName=锰硅812, IsLast=0
OnRspQryInstrument InstrumentID=bb1812 ExchangeID=DCE InstrumentName=胶合板1812, IsLast=0
OnRspQryInstrument InstrumentID=fb1812 ExchangeID=DCE InstrumentName=纤维板1812, IsLast=0
OnRspQryInstrument InstrumentID=i1812 ExchangeID=DCE InstrumentName=铁矿石1812, IsLast=0
OnRspQryInstrument InstrumentID=j1812 ExchangeID=DCE InstrumentName=焦炭1812, IsLast=0
OnRspQryInstrument InstrumentID=jm1812 ExchangeID=DCE InstrumentName=焦煤1812, IsLast=0
OnRspQryInstrument InstrumentID=l1812 ExchangeID=DCE InstrumentName=聚乙烯1812, IsLast=0
OnRspQryInstrument InstrumentID=m1812 ExchangeID=DCE InstrumentName=豆粕1812, IsLast=0
OnRspQryInstrument InstrumentID=p1812 ExchangeID=DCE InstrumentName=棕榈油1812, IsLast=0
OnRspQryInstrument InstrumentID=pp1812 ExchangeID=DCE InstrumentName=聚丙烯1812, IsLast=0
OnRspQryInstrument InstrumentID=v1812 ExchangeID=DCE InstrumentName=聚氯乙烯1812, IsLast=0
OnRspQryInstrument InstrumentID=y1812 ExchangeID=DCE InstrumentName=豆油1812, IsLast=0
OnRspQryInstrument InstrumentID=CY812 ExchangeID=CZCE InstrumentName=棉纱812, IsLast=0
OnRspQryInstrument InstrumentID=FG812 ExchangeID=CZCE InstrumentName=玻璃812, IsLast=0
OnRspQryInstrument InstrumentID=MA812 ExchangeID=CZCE InstrumentName=甲醇MA812, IsLast=0
OnRspQryInstrument InstrumentID=SF812 ExchangeID=CZCE InstrumentName=硅铁812, IsLast=0
OnRspQryInstrument InstrumentID=IC1802 ExchangeID=CFFEX InstrumentName=中证500股指1802, IsLast=0
OnRspQryInstrument InstrumentID=IF1802 ExchangeID=CFFEX InstrumentName=沪深300股指1802, IsLast=0
OnRspQryInstrument InstrumentID=IH1802 ExchangeID=CFFEX InstrumentName=上证50股指1802, IsLast=0
OnRspQryInstrument InstrumentID=ag1812 ExchangeID=SHFE InstrumentName=白银1812, IsLast=0
OnRspQryInstrument InstrumentID=al1812 ExchangeID=SHFE InstrumentName=铝1812, IsLast=0
OnRspQryInstrument InstrumentID=au1803 ExchangeID=SHFE InstrumentName=黄金1803, IsLast=0
OnRspQryInstrument InstrumentID=bu1912 ExchangeID=SHFE InstrumentName=沥青1912, IsLast=0
OnRspQryInstrument InstrumentID=cu1812 ExchangeID=SHFE InstrumentName=铜1812, IsLast=0
OnRspQryInstrument InstrumentID=hc1812 ExchangeID=SHFE InstrumentName=热轧板1812, IsLast=0
OnRspQryInstrument InstrumentID=ni1812 ExchangeID=SHFE InstrumentName=镍1812, IsLast=0
OnRspQryInstrument InstrumentID=SM901 ExchangeID=CZCE InstrumentName=锰硅901, IsLast=0
OnRspQryInstrument InstrumentID=WH901 ExchangeID=CZCE InstrumentName=强筋麦901, IsLast=0
OnRspQryInstrument InstrumentID=ag1901 ExchangeID=SHFE InstrumentName=白银1901, IsLast=0
OnRspQryInstrument InstrumentID=al1901 ExchangeID=SHFE InstrumentName=铝1901, IsLast=0
OnRspQryInstrument InstrumentID=au1902 ExchangeID=SHFE InstrumentName=黄金1902, IsLast=0
OnRspQryInstrument InstrumentID=bu1807 ExchangeID=SHFE InstrumentName=沥青1807, IsLast=0
OnRtnInstrumentStatus ExchangeID=SHFE InstrumentID=wr
OnRtnInstrumentStatus ExchangeID=DCE InstrumentID=bb
OnRtnInstrumentStatus ExchangeID=DCE InstrumentID=c
OnRtnInstrumentStatus ExchangeID=DCE InstrumentID=jd
OnRtnInstrumentStatus ExchangeID=DCE InstrumentID=cs
OnRtnInstrumentStatus ExchangeID=DCE InstrumentID=fb
OnRtnInstrumentStatus ExchangeID=DCE InstrumentID=l
OnRtnInstrumentStatus ExchangeID=DCE InstrumentID=pp
OnRtnInstrumentStatus ExchangeID=DCE InstrumentID=v
OnRtnInstrumentStatus ExchangeID=DCE InstrumentID=a
OnRspQryInstrument InstrumentID=cu1901 ExchangeID=SHFE InstrumentName=铜1901, IsLast=0
OnRspQryInstrument InstrumentID=hc1901 ExchangeID=SHFE InstrumentName=热轧板1901, IsLast=0
OnRspQryInstrument InstrumentID=ni1901 ExchangeID=SHFE InstrumentName=镍1901, IsLast=0
OnRspQryInstrument InstrumentID=pb1901 ExchangeID=SHFE InstrumentName=铅1901, IsLast=0
OnRspQryInstrument InstrumentID=rb1901 ExchangeID=SHFE InstrumentName=螺纹钢1901, IsLast=0
OnRspQryInstrument InstrumentID=ru1901 ExchangeID=SHFE InstrumentName=天然橡胶1901, IsLast=0
OnRspQryInstrument InstrumentID=sn1901 ExchangeID=SHFE InstrumentName=锡1901, IsLast=0
OnRspQryInstrument InstrumentID=wr1901 ExchangeID=SHFE InstrumentName=线材1901, IsLast=0
OnRspQryInstrument InstrumentID=zn1901 ExchangeID=SHFE InstrumentName=锌1901, IsLast=0
OnRspQryInstrument InstrumentID=pb1812 ExchangeID=SHFE InstrumentName=铅1812, IsLast=0
OnRspQryInstrument InstrumentID=rb1812 ExchangeID=SHFE InstrumentName=螺纹钢1812, IsLast=0
OnRspQryInstrument InstrumentID=sn1812 ExchangeID=SHFE InstrumentName=锡1812, IsLast=0
OnRspQryInstrument InstrumentID=wr1812 ExchangeID=SHFE InstrumentName=线材1812, IsLast=0
OnRspQryInstrument InstrumentID=zn1812 ExchangeID=SHFE InstrumentName=锌1812, IsLast=0
OnRspQryInstrument InstrumentID=jd1812 ExchangeID=DCE InstrumentName=鲜鸡蛋1812, IsLast=0
OnRspQryInstrument InstrumentID=AP805 ExchangeID=CZCE InstrumentName=苹果805, IsLast=0
OnRspQryInstrument InstrumentID=AP807 ExchangeID=CZCE InstrumentName=苹果807, IsLast=0
OnRspQryInstrument InstrumentID=AP810 ExchangeID=CZCE InstrumentName=苹果810, IsLast=0
OnRspQryInstrument InstrumentID=AP811 ExchangeID=CZCE InstrumentName=苹果811, IsLast=0
OnRspQryInstrument InstrumentID=AP812 ExchangeID=CZCE InstrumentName=苹果812, IsLast=0
OnRspQryInstrument InstrumentID=sn1809 ExchangeID=SHFE InstrumentName=锡1809, IsLast=0
OnRspQryInstrument InstrumentID=wr1809 ExchangeID=SHFE InstrumentName=线材1809, IsLast=0
OnRspQryInstrument InstrumentID=zn1809 ExchangeID=SHFE InstrumentName=锌1809, IsLast=0
OnRspQryInstrument InstrumentID=ZC804 ExchangeID=CZCE InstrumentName=动力煤ZC804, IsLast=0
OnRspQryInstrument InstrumentID=ZC802 ExchangeID=CZCE InstrumentName=动力煤ZC802, IsLast=0
OnRspQryInstrument InstrumentID=T1803 ExchangeID=CFFEX InstrumentName=10年国债1803, IsLast=0
OnRspQryInstrument InstrumentID=TF1803 ExchangeID=CFFEX InstrumentName=5年国债1803, IsLast=0
OnRspQryInstrument InstrumentID=jd1809 ExchangeID=DCE InstrumentName=鲜鸡蛋1809, IsLast=0
OnRspQryInstrument InstrumentID=jd1808 ExchangeID=DCE InstrumentName=鲜鸡蛋1808, IsLast=0
OnRspQryInstrument InstrumentID=cu1805 ExchangeID=SHFE InstrumentName=铜1805, IsLast=0
OnRspQryInstrument InstrumentID=hc1805 ExchangeID=SHFE InstrumentName=热轧板1805, IsLast=0
OnRspQryInstrument InstrumentID=ni1805 ExchangeID=SHFE InstrumentName=镍1805, IsLast=0
OnRspQryInstrument InstrumentID=pb1805 ExchangeID=SHFE InstrumentName=铅1805, IsLast=0
OnRspQryInstrument InstrumentID=rb1805 ExchangeID=SHFE InstrumentName=螺纹钢1805, IsLast=0
OnRspQryInstrument InstrumentID=ru1805 ExchangeID=SHFE InstrumentName=天然橡胶1805, IsLast=0
OnRspQryInstrument InstrumentID=sn1805 ExchangeID=SHFE InstrumentName=锡1805, IsLast=0
OnRspQryInstrument InstrumentID=wr1805 ExchangeID=SHFE InstrumentName=线材1805, IsLast=0
OnRspQryInstrument InstrumentID=zn1805 ExchangeID=SHFE InstrumentName=锌1805, IsLast=0
OnRspQryInstrument InstrumentID=ZC805 ExchangeID=CZCE InstrumentName=动力煤ZC805, IsLast=0
OnRspQryInstrument InstrumentID=jd1807 ExchangeID=DCE InstrumentName=鲜鸡蛋1807, IsLast=0
OnRspQryInstrument InstrumentID=TA802 ExchangeID=CZCE InstrumentName=化纤802, IsLast=0
OnRspQryInstrument InstrumentID=FG802 ExchangeID=CZCE InstrumentName=玻璃802, IsLast=0
OnRspQryInstrument InstrumentID=ZC901 ExchangeID=CZCE InstrumentName=动力煤ZC901, IsLast=0
OnRspQryInstrument InstrumentID=fu1812 ExchangeID=SHFE InstrumentName=燃料油1812, IsLast=0
OnRspQryInstrument InstrumentID=sc2012 ExchangeID=INE InstrumentName=原油2012, IsLast=0
OnRspQryInstrument InstrumentID=fu1901 ExchangeID=SHFE InstrumentName=燃料油1901, IsLast=0
OnRspQryInstrument InstrumentID=sc1901 ExchangeID=INE InstrumentName=原油1901, IsLast=0
OnRspQryInstrument InstrumentID=IC1809 ExchangeID=CFFEX InstrumentName=IC1809, IsLast=0
OnRspQryInstrument InstrumentID=IF1809 ExchangeID=CFFEX InstrumentName=IF1809, IsLast=0
OnRspQryInstrument InstrumentID=IH1809 ExchangeID=CFFEX InstrumentName=IH1809, IsLast=0
OnRspQryInstrument InstrumentID=scefp ExchangeID=INE InstrumentName=scefp, IsLast=1
OnRtnInstrumentStatus ExchangeID=DCE InstrumentID=b
OnRtnInstrumentStatus ExchangeID=DCE InstrumentID=jm
OnRtnInstrumentStatus ExchangeID=DCE InstrumentID=i
OnRtnInstrumentStatus ExchangeID=DCE InstrumentID=j
OnRtnInstrumentStatus ExchangeID=SHFE InstrumentID=ag
OnRtnInstrumentStatus ExchangeID=SHFE InstrumentID=al
OnRtnInstrumentStatus ExchangeID=SHFE InstrumentID=au
OnRtnInstrumentStatus ExchangeID=SHFE InstrumentID=bu
OnRtnInstrumentStatus ExchangeID=SHFE InstrumentID=cu
OnRtnInstrumentStatus ExchangeID=SHFE InstrumentID=hc
OnRtnInstrumentStatus ExchangeID=SHFE InstrumentID=ni
OnRtnInstrumentStatus ExchangeID=SHFE InstrumentID=pb
OnRtnInstrumentStatus ExchangeID=SHFE InstrumentID=rb
OnRtnInstrumentStatus ExchangeID=SHFE InstrumentID=ru
OnRtnInstrumentStatus ExchangeID=SHFE InstrumentID=sn
OnRtnInstrumentStatus ExchangeID=SHFE InstrumentID=zn
OnRtnInstrumentStatus ExchangeID=DCE InstrumentID=m
OnRtnInstrumentStatus ExchangeID=DCE InstrumentID=p
OnRtnInstrumentStatus ExchangeID=DCE InstrumentID=y
OnRtnInstrumentStatus ExchangeID=CZCE InstrumentID=MA
OnRtnInstrumentStatus ExchangeID=CZCE InstrumentID=AP
OnRtnInstrumentStatus ExchangeID=CZCE InstrumentID=CF
OnRtnInstrumentStatus ExchangeID=CZCE InstrumentID=CY
OnRtnInstrumentStatus ExchangeID=CZCE InstrumentID=FG
OnRtnInstrumentStatus ExchangeID=CZCE InstrumentID=ZC
OnRtnInstrumentStatus ExchangeID=CZCE InstrumentID=OI
OnRtnInstrumentStatus ExchangeID=CZCE InstrumentID=RM
OnRtnInstrumentStatus ExchangeID=CZCE InstrumentID=SR
OnRtnInstrumentStatus ExchangeID=CZCE InstrumentID=TA
OnRtnInstrumentStatus ExchangeID=CFFEX InstrumentID=IC
OnRtnInstrumentStatus ExchangeID=CFFEX InstrumentID=IF
OnRtnInstrumentStatus ExchangeID=CFFEX InstrumentID=IH
OnRtnInstrumentStatus ExchangeID=CFFEX InstrumentID=TF
OnRtnInstrumentStatus ExchangeID=CFFEX InstrumentID=T