OnRtnInstrumentStatus ExchangeID=CZCE InstrumentID=MA
OnRtnInstrumentStatus ExchangeID=CZCE InstrumentID=TA
OnRtnInstrumentStatus ExchangeID=CZCE InstrumentID=ZC
OnRtnInstrumentStatus ExchangeID=CZCE InstrumentID=CF
OnRtnInstrumentStatus ExchangeID=CZCE InstrumentID=CY
OnRtnInstrumentStatus ExchangeID=CZCE InstrumentID=FG
OnRtnInstrumentStatus ExchangeID=CZCE InstrumentID=OI
OnRtnInstrumentStatus ExchangeID=CZCE InstrumentID=RM
OnRtnInstrumentStatus ExchangeID=CZCE InstrumentID=SR
OnRtnInstrumentStatus ExchangeID=CZCE InstrumentID=AP
OnRtnInstrumentStatus ExchangeID=DCE InstrumentID=i
OnRtnInstrumentStatus ExchangeID=DCE InstrumentID=j
OnRtnInstrumentStatus ExchangeID=DCE InstrumentID=jm
OnRtnInstrumentStatus ExchangeID=DCE InstrumentID=m
OnRtnInstrumentStatus ExchangeID=DCE InstrumentID=p
OnRtnInstrumentStatus ExchangeID=DCE InstrumentID=y
OnRtnInstrumentStatus ExchangeID=DCE InstrumentID=a
OnRtnInstrumentStatus ExchangeID=DCE InstrumentID=b
OnRtnInstrumentStatus ExchangeID=SHFE InstrumentID=ag
OnRtnInstrumentStatus ExchangeID=SHFE InstrumentID=al
OnRtnInstrumentStatus ExchangeID=SHFE InstrumentID=au
OnRtnInstrumentStatus ExchangeID=SHFE InstrumentID=bu
OnRtnInstrumentStatus ExchangeID=SHFE InstrumentID=cu
OnRtnInstrumentStatus ExchangeID=SHFE InstrumentID=hc
OnRtnInstrumentStatus ExchangeID=SHFE InstrumentID=ni
OnRtnInstrumentStatus ExchangeID=SHFE InstrumentID=pb
OnRtnInstrumentStatus ExchangeID=SHFE InstrumentID=rb
OnRtnInstrumentStatus ExchangeID=SHFE InstrumentID=sn
OnRtnInstrumentStatus ExchangeID=SHFE InstrumentID=zn
OnRtnInstrumentStatus ExchangeID=SHFE InstrumentID=ru
OnRtnInstrumentStatus ExchangeID=INE InstrumentID=sc
OnRtnInstrumentStatus ExchangeID=INE InstrumentID=scefp
OnRtnInstrumentStatus ExchangeID=INE InstrumentID=scefp
OnRtnInstrumentStatus ExchangeID=INE InstrumentID=scefp
OnRtnInstrumentStatus ExchangeID=INE InstrumentID=scefp
OnRtnInstrumentStatus ExchangeID=INE InstrumentID=sc
OnRtnInstrumentStatus ExchangeID=CZCE InstrumentID=MA
OnRtnInstrumentStatus ExchangeID=CZCE InstrumentID=AP
OnRtnInstrumentStatus ExchangeID=CZCE InstrumentID=CF
OnRtnInstrumentStatus ExchangeID=CZCE InstrumentID=CY
OnRtnInstrumentStatus ExchangeID=CZCE InstrumentID=FG
OnRtnInstrumentStatus ExchangeID=CZCE InstrumentID=ZC
OnRtnInstrumentStatus ExchangeID=SHFE InstrumentID=ag
OnRtnInstrumentStatus ExchangeID=SHFE InstrumentID=al
OnRtnInstrumentStatus ExchangeID=SHFE InstrumentID=au
OnRtnInstrumentStatus ExchangeID=SHFE InstrumentID=bu
OnRtnInstrumentStatus ExchangeID=SHFE InstrumentID=cu
OnRtnInstrumentStatus ExchangeID=DCE InstrumentID=a
OnRtnInstrumentStatus ExchangeID=DCE InstrumentID=b
OnRtnInstrumentStatus ExchangeID=DCE InstrumentID=jm
OnRtnInstrumentStatus ExchangeID=DCE InstrumentID=i
OnRtnInstrumentStatus ExchangeID=DCE InstrumentID=j
OnRtnInstrumentStatus ExchangeID=CZCE InstrumentID=OI
OnRtnInstrumentStatus ExchangeID=CZCE InstrumentID=RM
OnRtnInstrumentStatus ExchangeID=CZCE InstrumentID=SR
OnRtnInstrumentStatus ExchangeID=CZCE InstrumentID=TA
OnRtnInstrumentStatus ExchangeID=SHFE InstrumentID=hc
OnRtnInstrumentStatus ExchangeID=SHFE InstrumentID=ni
OnRtnInstrumentStatus ExchangeID=SHFE InstrumentID=pb
OnRtnInstrumentStatus ExchangeID=SHFE InstrumentID=rb
OnRtnInstrumentStatus ExchangeID=SHFE InstrumentID=ru
OnRtnInstrumentStatus ExchangeID=SHFE InstrumentID=sn
OnRtnInstrumentStatus ExchangeID=SHFE InstrumentID=zn
OnRtnInstrumentStatus ExchangeID=DCE InstrumentID=m
OnRtnInstrumentStatus ExchangeID=DCE InstrumentID=p
OnRtnInstrumentStatus ExchangeID=DCE InstrumentID=y
OnRtnInstrumentStatus ExchangeID=INE InstrumentID=sc
OnRtnInstrumentStatus ExchangeID=CZCE InstrumentID=MA
OnRtnInstrumentStatus ExchangeID=CZCE InstrumentID=AP
OnRtnInstrumentStatus ExchangeID=CZCE InstrumentID=CF
OnRtnInstrumentStatus ExchangeID=CZCE InstrumentID=CY
OnRtnInstrumentStatus ExchangeID=CZCE InstrumentID=FG
OnRtnInstrumentStatus ExchangeID=SHFE InstrumentID=ag
OnRtnInstrumentStatus ExchangeID=DCE InstrumentID=a
OnRtnInstrumentStatus ExchangeID=SHFE InstrumentID=al
OnRtnInstrumentStatus ExchangeID=SHFE InstrumentID=au
OnRtnInstrumentStatus ExchangeID=DCE InstrumentID=b
OnRtnInstrumentStatus ExchangeID=CZCE InstrumentID=ZC
OnRtnInstrumentStatus ExchangeID=SHFE InstrumentID=bu
OnRtnInstrumentStatus ExchangeID=DCE InstrumentID=jm
OnRtnInstrumentStatus ExchangeID=DCE InstrumentID=i
OnRtnInstrumentStatus ExchangeID=SHFE InstrumentID=cu
OnRtnInstrumentStatus ExchangeID=SHFE InstrumentID=hc
OnRtnInstrumentStatus ExchangeID=DCE InstrumentID=j
OnRtnInstrumentStatus ExchangeID=DCE InstrumentID=m
OnRtnInstrumentStatus ExchangeID=DCE InstrumentID=p
OnRtnInstrumentStatus ExchangeID=CZCE InstrumentID=OI
OnRtnInstrumentStatus ExchangeID=CZCE InstrumentID=RM
OnRtnInstrumentStatus ExchangeID=CZCE InstrumentID=SR
OnRtnInstrumentStatus ExchangeID=CZCE InstrumentID=TA
OnRtnInstrumentStatus ExchangeID=SHFE InstrumentID=ni
OnRtnInstrumentStatus ExchangeID=SHFE InstrumentID=pb
OnRtnInstrumentStatus ExchangeID=SHFE InstrumentID=rb
OnRtnInstrumentStatus ExchangeID=SHFE InstrumentID=ru
OnRtnInstrumentStatus ExchangeID=SHFE InstrumentID=sn
OnRtnInstrumentStatus ExchangeID=SHFE InstrumentID=zn
OnRtnInstrumentStatus ExchangeID=DCE InstrumentID=y
OnRtnInstrumentStatus ExchangeID=INE InstrumentID=sc
OnRtnInstrumentStatus ExchangeID=CZCE InstrumentID=MA
OnRtnInstrumentStatus ExchangeID=CZCE InstrumentID=AP
OnRtnInstrumentStatus ExchangeID=CZCE InstrumentID=CF
OnRtnInstrumentStatus ExchangeID=CZCE InstrumentID=CY
OnRtnInstrumentStatus ExchangeID=SHFE InstrumentID=ag
OnRtnInstrumentStatus ExchangeID=SHFE InstrumentID=al
OnRtnInstrumentStatus ExchangeID=SHFE InstrumentID=au
OnRtnInstrumentStatus ExchangeID=CZCE InstrumentID=FG
OnRtnInstrumentStatus ExchangeID=CZCE InstrumentID=ZC
OnRtnInstrumentStatus ExchangeID=CZCE InstrumentID=OI
OnRtnInstrumentStatus ExchangeID=SHFE InstrumentID=bu
OnRtnInstrumentStatus ExchangeID=DCE InstrumentID=a
OnRtnInstrumentStatus ExchangeID=DCE InstrumentID=b
OnRtnInstrumentStatus ExchangeID=DCE InstrumentID=jm
OnRtnInstrumentStatus ExchangeID=CZCE InstrumentID=RM
OnRtnInstrumentStatus ExchangeID=CZCE InstrumentID=SR
OnRtnInstrumentStatus ExchangeID=CZCE InstrumentID=TA
OnRtnInstrumentStatus ExchangeID=SHFE InstrumentID=cu
OnRtnInstrumentStatus ExchangeID=SHFE InstrumentID=hc
OnRtnInstrumentStatus ExchangeID=SHFE InstrumentID=ni
OnRtnInstrumentStatus ExchangeID=SHFE InstrumentID=pb
OnRtnInstrumentStatus ExchangeID=SHFE InstrumentID=rb
OnRtnInstrumentStatus ExchangeID=SHFE InstrumentID=ru
OnRtnInstrumentStatus ExchangeID=DCE InstrumentID=i
OnRtnInstrumentStatus ExchangeID=DCE InstrumentID=j
OnRtnInstrumentStatus ExchangeID=DCE InstrumentID=m
OnRtnInstrumentStatus ExchangeID=DCE InstrumentID=p
OnRtnInstrumentStatus ExchangeID=DCE InstrumentID=y
OnRtnInstrumentStatus ExchangeID=SHFE InstrumentID=sn
OnRtnInstrumentStatus ExchangeID=SHFE InstrumentID=zn
OnRtnInstrumentStatus ExchangeID=SHFE InstrumentID=bu
OnRtnInstrumentStatus ExchangeID=SHFE InstrumentID=hc
OnRtnInstrumentStatus ExchangeID=SHFE InstrumentID=rb
OnRtnInstrumentStatus ExchangeID=SHFE InstrumentID=ru
OnRtnInstrumentStatus ExchangeID=CZCE InstrumentID=MA
OnRtnInstrumentStatus ExchangeID=CZCE InstrumentID=AP
OnRtnInstrumentStatus ExchangeID=CZCE InstrumentID=CF
OnRtnInstrumentStatus ExchangeID=CZCE InstrumentID=CY
OnRtnInstrumentStatus ExchangeID=CZCE InstrumentID=FG
OnRtnInstrumentStatus ExchangeID=CZCE InstrumentID=ZC
OnRtnInstrumentStatus ExchangeID=DCE InstrumentID=a
OnRtnInstrumentStatus ExchangeID=DCE InstrumentID=b
OnRtnInstrumentStatus ExchangeID=DCE InstrumentID=jm
OnRtnInstrumentStatus ExchangeID=DCE InstrumentID=i
OnRtnInstrumentStatus ExchangeID=CZCE InstrumentID=OI
OnRtnInstrumentStatus ExchangeID=CZCE InstrumentID=RM
OnRtnInstrumentStatus ExchangeID=CZCE InstrumentID=SR
OnRtnInstrumentStatus ExchangeID=CZCE InstrumentID=TA
OnRtnInstrumentStatus ExchangeID=DCE InstrumentID=j
OnRtnInstrumentStatus ExchangeID=DCE InstrumentID=m
OnRtnInstrumentStatus ExchangeID=DCE InstrumentID=p
OnRtnInstrumentStatus ExchangeID=DCE InstrumentID=y
OnRtnInstrumentStatus ExchangeID=SHFE InstrumentID=al
OnRtnInstrumentStatus ExchangeID=SHFE InstrumentID=cu
OnRtnInstrumentStatus ExchangeID=SHFE InstrumentID=ni
OnRtnInstrumentStatus ExchangeID=SHFE InstrumentID=pb
OnRtnInstrumentStatus ExchangeID=SHFE InstrumentID=sn
OnRtnInstrumentStatus ExchangeID=SHFE InstrumentID=zn
OnRtnInstrumentStatus ExchangeID=INE InstrumentID=sc
OnRtnInstrumentStatus ExchangeID=SHFE InstrumentID=ag
OnRtnInstrumentStatus ExchangeID=SHFE InstrumentID=au
OnRtnInstrumentStatus ExchangeID=INE InstrumentID=scefp
OnRtnInstrumentStatus ExchangeID=CFFEX InstrumentID=IC
OnRtnInstrumentStatus ExchangeID=CFFEX InstrumentID=IF
OnRtnInstrumentStatus ExchangeID=CFFEX InstrumentID=IH
OnRtnInstrumentStatus ExchangeID=CFFEX InstrumentID=T
OnRtnInstrumentStatus ExchangeID=CFFEX InstrumentID=TF
OnRtnInstrumentStatus ExchangeID=SHFE InstrumentID=fu
OnRtnInstrumentStatus ExchangeID=SHFE InstrumentID=wr
OnRtnInstrumentStatus ExchangeID=DCE InstrumentID=bb
OnRtnInstrumentStatus ExchangeID=DCE InstrumentID=c
OnRtnInstrumentStatus ExchangeID=DCE InstrumentID=jd
OnRtnInstrumentStatus ExchangeID=DCE InstrumentID=cs
OnRtnInstrumentStatus ExchangeID=DCE InstrumentID=fb
OnRtnInstrumentStatus ExchangeID=DCE InstrumentID=l
OnRtnInstrumentStatus ExchangeID=DCE InstrumentID=pp
OnRtnInstrumentStatus ExchangeID=DCE InstrumentID=v
OnRtnInstrumentStatus ExchangeID=CZCE InstrumentID=JR
OnRtnInstrumentStatus ExchangeID=CZCE InstrumentID=LR
OnRtnInstrumentStatus ExchangeID=CZCE InstrumentID=WH
OnRtnInstrumentStatus ExchangeID=CZCE InstrumentID=PM
OnRtnInstrumentStatus ExchangeID=CZCE InstrumentID=RI
OnRtnInstrumentStatus ExchangeID=CZCE InstrumentID=RS
OnRtnInstrumentStatus ExchangeID=CZCE InstrumentID=SF
OnRtnInstrumentStatus ExchangeID=CZCE InstrumentID=SM
OnRtnInstrumentStatus ExchangeID=CZCE InstrumentID=JR
OnRtnInstrumentStatus ExchangeID=CZCE InstrumentID=LR
OnRtnInstrumentStatus ExchangeID=CZCE InstrumentID=WH
OnRtnInstrumentStatus ExchangeID=CZCE InstrumentID=PM
OnRtnInstrumentStatus ExchangeID=CZCE InstrumentID=RI
OnRtnInstrumentStatus ExchangeID=CZCE InstrumentID=RS
OnRtnInstrumentStatus ExchangeID=CZCE InstrumentID=SF
OnRtnInstrumentStatus ExchangeID=DCE InstrumentID=bb
OnRtnInstrumentStatus ExchangeID=DCE InstrumentID=c
OnRtnInstrumentStatus ExchangeID=DCE InstrumentID=jd
OnRtnInstrumentStatus ExchangeID=DCE InstrumentID=cs
OnRtnInstrumentStatus ExchangeID=DCE InstrumentID=fb
OnRtnInstrumentStatus ExchangeID=CZCE InstrumentID=SM
OnRtnInstrumentStatus ExchangeID=DCE InstrumentID=l
OnRtnInstrumentStatus ExchangeID=DCE InstrumentID=pp
OnRtnInstrumentStatus ExchangeID=DCE InstrumentID=v
OnRtnInstrumentStatus ExchangeID=SHFE InstrumentID=fu
OnRtnInstrumentStatus ExchangeID=SHFE InstrumentID=wr
OnRtnInstrumentStatus ExchangeID=CZCE InstrumentID=JR
OnRtnInstrumentStatus ExchangeID=CZCE InstrumentID=LR
OnRtnInstrumentStatus ExchangeID=CZCE InstrumentID=WH
OnRtnInstrumentStatus ExchangeID=CZCE InstrumentID=PM
OnRtnInstrumentStatus ExchangeID=CZCE InstrumentID=RI
OnRtnInstrumentStatus ExchangeID=CZCE InstrumentID=RS
OnRtnInstrumentStatus ExchangeID=CZCE InstrumentID=SF
OnRtnInstrumentStatus ExchangeID=DCE InstrumentID=bb
OnRtnInstrumentStatus ExchangeID=CZCE InstrumentID=SM
OnRtnInstrumentStatus ExchangeID=DCE InstrumentID=c
OnRtnInstrumentStatus ExchangeID=DCE InstrumentID=jd
OnRtnInstrumentStatus ExchangeID=DCE InstrumentID=cs
OnRtnInstrumentStatus ExchangeID=SHFE InstrumentID=fu
OnRtnInstrumentStatus ExchangeID=DCE InstrumentID=fb
OnRtnInstrumentStatus ExchangeID=SHFE InstrumentID=wr
OnRtnInstrumentStatus ExchangeID=DCE InstrumentID=l
OnRtnInstrumentStatus ExchangeID=DCE InstrumentID=pp
OnRtnInstrumentStatus ExchangeID=DCE InstrumentID=v
OnRtnInstrumentStatus ExchangeID=CZCE InstrumentID=JR
OnRtnInstrumentStatus ExchangeID=CZCE InstrumentID=LR
OnRtnInstrumentStatus ExchangeID=CZCE InstrumentID=WH
OnRtnInstrumentStatus ExchangeID=CZCE InstrumentID=PM
OnRtnInstrumentStatus ExchangeID=CZCE InstrumentID=RI
OnRtnInstrumentStatus ExchangeID=CZCE InstrumentID=RS
OnRtnInstrumentStatus ExchangeID=CZCE InstrumentID=SF
OnRtnInstrumentStatus ExchangeID=DCE InstrumentID=bb
OnRtnInstrumentStatus ExchangeID=CZCE InstrumentID=SM
OnRtnInstrumentStatus ExchangeID=SHFE InstrumentID=fu
OnRtnInstrumentStatus ExchangeID=DCE InstrumentID=c
OnRtnInstrumentStatus ExchangeID=DCE InstrumentID=jd
OnRtnInstrumentStatus ExchangeID=DCE InstrumentID=cs
OnRtnInstrumentStatus ExchangeID=DCE InstrumentID=fb
OnRtnInstrumentStatus ExchangeID=DCE InstrumentID=l
OnRtnInstrumentStatus ExchangeID=CZCE InstrumentID=MA
OnRtnInstrumentStatus ExchangeID=DCE InstrumentID=pp
OnRtnInstrumentStatus ExchangeID=CZCE InstrumentID=AP
OnRtnInstrumentStatus ExchangeID=CZCE InstrumentID=CF
OnRtnInstrumentStatus ExchangeID=DCE InstrumentID=v
OnRtnInstrumentStatus ExchangeID=SHFE InstrumentID=wr
OnRtnInstrumentStatus ExchangeID=SHFE InstrumentID=ag
OnRtnInstrumentStatus ExchangeID=SHFE InstrumentID=al
OnRtnInstrumentStatus ExchangeID=SHFE InstrumentID=au
OnRtnInstrumentStatus ExchangeID=DCE InstrumentID=a
OnRtnInstrumentStatus ExchangeID=SHFE InstrumentID=bu
OnRtnInstrumentStatus ExchangeID=SHFE InstrumentID=cu
OnRtnInstrumentStatus ExchangeID=SHFE InstrumentID=hc
OnRtnInstrumentStatus ExchangeID=SHFE InstrumentID=ni
OnRtnInstrumentStatus ExchangeID=DCE InstrumentID=b
OnRtnInstrumentStatus ExchangeID=DCE InstrumentID=jm
OnRtnInstrumentStatus ExchangeID=CZCE InstrumentID=CY
OnRtnInstrumentStatus ExchangeID=CZCE InstrumentID=FG
OnRtnInstrumentStatus ExchangeID=CZCE InstrumentID=ZC
OnRtnInstrumentStatus ExchangeID=CZCE InstrumentID=OI
OnRtnInstrumentStatus ExchangeID=CZCE InstrumentID=RM
OnRtnInstrumentStatus ExchangeID=CZCE InstrumentID=SR
OnRtnInstrumentStatus ExchangeID=CZCE InstrumentID=TA
OnRtnInstrumentStatus ExchangeID=DCE InstrumentID=i
OnRtnInstrumentStatus ExchangeID=DCE InstrumentID=j
OnRtnInstrumentStatus ExchangeID=DCE InstrumentID=m
OnRtnInstrumentStatus ExchangeID=DCE InstrumentID=p
OnRtnInstrumentStatus ExchangeID=SHFE InstrumentID=pb
OnRtnInstrumentStatus ExchangeID=SHFE InstrumentID=rb
OnRtnInstrumentStatus ExchangeID=SHFE InstrumentID=ru
OnRtnInstrumentStatus ExchangeID=SHFE InstrumentID=sn
OnRtnInstrumentStatus ExchangeID=SHFE InstrumentID=zn
OnRtnInstrumentStatus ExchangeID=DCE InstrumentID=y
OnRtnInstrumentStatus ExchangeID=INE InstrumentID=scefp
OnRtnInstrumentStatus ExchangeID=INE InstrumentID=sc
OnRtnInstrumentStatus ExchangeID=CFFEX InstrumentID=TF
OnRtnInstrumentStatus ExchangeID=CFFEX InstrumentID=T
OnRtnInstrumentStatus ExchangeID=CFFEX InstrumentID=TF
OnRtnInstrumentStatus ExchangeID=CFFEX InstrumentID=T
OnRtnInstrumentStatus ExchangeID=CFFEX InstrumentID=TF
OnRtnInstrumentStatus ExchangeID=CFFEX InstrumentID=T
OnRtnInstrumentStatus ExchangeID=CFFEX InstrumentID=IC
OnRtnInstrumentStatus ExchangeID=CFFEX InstrumentID=IF
OnRtnInstrumentStatus ExchangeID=CFFEX InstrumentID=IH
OnRtnInstrumentStatus ExchangeID=CFFEX InstrumentID=IC
OnRtnInstrumentStatus ExchangeID=CFFEX InstrumentID=IF
OnRtnInstrumentStatus ExchangeID=CFFEX InstrumentID=IH
OnRtnInstrumentStatus ExchangeID=CFFEX InstrumentID=IC
OnRtnInstrumentStatus ExchangeID=CFFEX InstrumentID=IF
OnRtnInstrumentStatus ExchangeID=CFFEX InstrumentID=IH
OnRtnInstrumentStatus ExchangeID=INE InstrumentID=scefp
OnRtnInstrumentStatus ExchangeID=INE InstrumentID=sc
OnRtnInstrumentStatus ExchangeID=CZCE InstrumentID=JR
OnRtnInstrumentStatus ExchangeID=CZCE InstrumentID=LR
OnRtnInstrumentStatus ExchangeID=CZCE InstrumentID=WH
OnRtnInstrumentStatus ExchangeID=SHFE InstrumentID=fu
OnRtnInstrumentStatus ExchangeID=SHFE InstrumentID=wr
OnRtnInstrumentStatus ExchangeID=CZCE InstrumentID=PM
OnRtnInstrumentStatus ExchangeID=CZCE InstrumentID=RI
OnRtnInstrumentStatus ExchangeID=CZCE InstrumentID=RS
OnRtnInstrumentStatus ExchangeID=CZCE InstrumentID=SF
OnRtnInstrumentStatus ExchangeID=CZCE InstrumentID=SM
OnRtnInstrumentStatus ExchangeID=DCE InstrumentID=bb
OnRtnInstrumentStatus ExchangeID=DCE InstrumentID=c
OnRtnInstrumentStatus ExchangeID=DCE InstrumentID=jd
OnRtnInstrumentStatus ExchangeID=DCE InstrumentID=cs
OnRtnInstrumentStatus ExchangeID=DCE InstrumentID=fb
OnRtnInstrumentStatus ExchangeID=DCE InstrumentID=l
OnRtnInstrumentStatus ExchangeID=DCE InstrumentID=pp
OnRtnInstrumentStatus ExchangeID=CZCE InstrumentID=MA
OnRtnInstrumentStatus ExchangeID=CZCE InstrumentID=AP
OnRtnInstrumentStatus ExchangeID=CZCE InstrumentID=CF
OnRtnInstrumentStatus ExchangeID=CZCE InstrumentID=CY
OnRtnInstrumentStatus ExchangeID=CZCE InstrumentID=FG
OnRtnInstrumentStatus ExchangeID=CZCE InstrumentID=ZC
OnRtnInstrumentStatus ExchangeID=CZCE InstrumentID=OI
OnRtnInstrumentStatus ExchangeID=CZCE InstrumentID=RM
OnRtnInstrumentStatus ExchangeID=CZCE InstrumentID=SR
OnRtnInstrumentStatus ExchangeID=CZCE InstrumentID=TA
OnRtnInstrumentStatus ExchangeID=SHFE InstrumentID=ag
OnRtnInstrumentStatus ExchangeID=SHFE InstrumentID=al
OnRtnInstrumentStatus ExchangeID=DCE InstrumentID=v
OnRtnInstrumentStatus ExchangeID=DCE InstrumentID=a
OnRtnInstrumentStatus ExchangeID=DCE InstrumentID=b
OnRtnInstrumentStatus ExchangeID=SHFE InstrumentID=au
OnRtnInstrumentStatus ExchangeID=SHFE InstrumentID=bu
OnRtnInstrumentStatus ExchangeID=SHFE InstrumentID=cu
OnRtnInstrumentStatus ExchangeID=SHFE InstrumentID=hc
OnRtnInstrumentStatus ExchangeID=DCE InstrumentID=jm
OnRtnInstrumentStatus ExchangeID=DCE InstrumentID=i
OnRtnInstrumentStatus ExchangeID=DCE InstrumentID=j
OnRtnInstrumentStatus ExchangeID=DCE InstrumentID=m
OnRtnInstrumentStatus ExchangeID=DCE InstrumentID=p
OnRtnInstrumentStatus ExchangeID=SHFE InstrumentID=ni
OnRtnInstrumentStatus ExchangeID=SHFE InstrumentID=pb
OnRtnInstrumentStatus ExchangeID=SHFE InstrumentID=rb
OnRtnInstrumentStatus ExchangeID=SHFE InstrumentID=ru
OnRtnInstrumentStatus ExchangeID=SHFE InstrumentID=sn
OnRtnInstrumentStatus ExchangeID=SHFE InstrumentID=zn
OnRtnInstrumentStatus ExchangeID=DCE InstrumentID=y
OnRtnInstrumentStatus ExchangeID=INE InstrumentID=scefp
OnRtnInstrumentStatus ExchangeID=INE InstrumentID=sc
OnRtnInstrumentStatus ExchangeID=CZCE InstrumentID=JR
OnRtnInstrumentStatus ExchangeID=CZCE InstrumentID=LR
OnRtnInstrumentStatus ExchangeID=CZCE InstrumentID=WH
OnRtnInstrumentStatus ExchangeID=CZCE InstrumentID=PM
OnRtnInstrumentStatus ExchangeID=CZCE InstrumentID=RI
OnRtnInstrumentStatus ExchangeID=DCE InstrumentID=bb
OnRtnInstrumentStatus ExchangeID=CZCE InstrumentID=RS
OnRtnInstrumentStatus ExchangeID=CZCE InstrumentID=SF
OnRtnInstrumentStatus ExchangeID=DCE InstrumentID=c
OnRtnInstrumentStatus ExchangeID=DCE InstrumentID=jd
OnRtnInstrumentStatus ExchangeID=DCE InstrumentID=cs
OnRtnInstrumentStatus ExchangeID=DCE InstrumentID=fb
OnRtnInstrumentStatus ExchangeID=CZCE InstrumentID=SM
OnRtnInstrumentStatus ExchangeID=DCE InstrumentID=l
OnRtnInstrumentStatus ExchangeID=DCE InstrumentID=pp
OnRtnInstrumentStatus ExchangeID=SHFE InstrumentID=fu
OnRtnInstrumentStatus ExchangeID=SHFE InstrumentID=wr
OnRtnInstrumentStatus ExchangeID=DCE InstrumentID=v
OnRtnInstrumentStatus ExchangeID=CZCE InstrumentID=MA
OnRtnInstrumentStatus ExchangeID=CZCE InstrumentID=AP
OnRtnInstrumentStatus ExchangeID=CZCE InstrumentID=CF
OnRtnInstrumentStatus ExchangeID=CZCE InstrumentID=CY
OnRtnInstrumentStatus ExchangeID=CZCE InstrumentID=FG
OnRtnInstrumentStatus ExchangeID=DCE InstrumentID=a
OnRtnInstrumentStatus ExchangeID=CZCE InstrumentID=ZC
OnRtnInstrumentStatus ExchangeID=DCE InstrumentID=b
OnRtnInstrumentStatus ExchangeID=SHFE InstrumentID=ag
OnRtnInstrumentStatus ExchangeID=DCE InstrumentID=jm
OnRtnInstrumentStatus ExchangeID=CZCE InstrumentID=OI
OnRtnInstrumentStatus ExchangeID=CZCE InstrumentID=RM
OnRtnInstrumentStatus ExchangeID=SHFE InstrumentID=al
OnRtnInstrumentStatus ExchangeID=DCE InstrumentID=i
OnRtnInstrumentStatus ExchangeID=CZCE InstrumentID=SR
OnRtnInstrumentStatus ExchangeID=SHFE InstrumentID=au
OnRtnInstrumentStatus ExchangeID=DCE InstrumentID=j
OnRtnInstrumentStatus ExchangeID=CZCE InstrumentID=TA
OnRtnInstrumentStatus ExchangeID=SHFE InstrumentID=bu
OnRtnInstrumentStatus ExchangeID=DCE InstrumentID=m
OnRtnInstrumentStatus ExchangeID=SHFE InstrumentID=cu
OnRtnInstrumentStatus ExchangeID=DCE InstrumentID=p
OnRtnInstrumentStatus ExchangeID=SHFE InstrumentID=hc
OnRtnInstrumentStatus ExchangeID=DCE InstrumentID=y
OnRtnInstrumentStatus ExchangeID=SHFE InstrumentID=ni
OnRtnInstrumentStatus ExchangeID=SHFE InstrumentID=pb
OnRtnInstrumentStatus ExchangeID=SHFE InstrumentID=rb
OnRtnInstrumentStatus ExchangeID=SHFE InstrumentID=ru
OnRtnInstrumentStatus ExchangeID=SHFE InstrumentID=sn
OnRtnInstrumentStatus ExchangeID=SHFE InstrumentID=zn
OnRtnInstrumentStatus ExchangeID=INE InstrumentID=scefp
OnRtnInstrumentStatus ExchangeID=INE InstrumentID=sc
OnRtnInstrumentStatus ExchangeID=CZCE InstrumentID=JR
OnRtnInstrumentStatus ExchangeID=CFFEX InstrumentID=IC
OnRtnInstrumentStatus ExchangeID=CZCE InstrumentID=LR
OnRtnInstrumentStatus ExchangeID=CFFEX InstrumentID=IF
OnRtnInstrumentStatus ExchangeID=CFFEX InstrumentID=IH
OnRtnInstrumentStatus ExchangeID=CFFEX InstrumentID=TF
OnRtnInstrumentStatus ExchangeID=CFFEX InstrumentID=T
OnRtnInstrumentStatus ExchangeID=CZCE InstrumentID=WH
OnRtnInstrumentStatus ExchangeID=CZCE InstrumentID=PM
OnRtnInstrumentStatus ExchangeID=CZCE InstrumentID=RI
OnRtnInstrumentStatus ExchangeID=CZCE InstrumentID=RS
OnRtnInstrumentStatus ExchangeID=CZCE InstrumentID=SF
OnRtnInstrumentStatus ExchangeID=CZCE InstrumentID=SM
OnRtnInstrumentStatus ExchangeID=SHFE InstrumentID=fu
OnRtnInstrumentStatus ExchangeID=SHFE InstrumentID=wr
OnRtnInstrumentStatus ExchangeID=DCE InstrumentID=bb
OnRtnInstrumentStatus ExchangeID=DCE InstrumentID=c
OnRtnInstrumentStatus ExchangeID=DCE InstrumentID=jd
OnRtnInstrumentStatus ExchangeID=DCE InstrumentID=cs
OnRtnInstrumentStatus ExchangeID=DCE InstrumentID=fb
OnRtnInstrumentStatus ExchangeID=DCE InstrumentID=l
OnRtnInstrumentStatus ExchangeID=DCE InstrumentID=pp
OnRtnInstrumentStatus ExchangeID=DCE InstrumentID=v
OnRtnInstrumentStatus ExchangeID=DCE InstrumentID=a
OnRtnInstrumentStatus ExchangeID=DCE InstrumentID=b
OnRtnInstrumentStatus ExchangeID=DCE InstrumentID=jm
OnRtnInstrumentStatus ExchangeID=DCE InstrumentID=i
OnRtnInstrumentStatus ExchangeID=DCE InstrumentID=j
OnRtnInstrumentStatus ExchangeID=SHFE InstrumentID=ag
OnRtnInstrumentStatus ExchangeID=SHFE InstrumentID=al
OnRtnInstrumentStatus ExchangeID=SHFE InstrumentID=au
OnRtnInstrumentStatus ExchangeID=SHFE InstrumentID=bu
OnRtnInstrumentStatus ExchangeID=SHFE InstrumentID=cu
OnRtnInstrumentStatus ExchangeID=SHFE InstrumentID=hc
OnRtnInstrumentStatus ExchangeID=SHFE InstrumentID=ni
OnRtnInstrumentStatus ExchangeID=SHFE InstrumentID=pb
OnRtnInstrumentStatus ExchangeID=SHFE InstrumentID=rb
OnRtnInstrumentStatus ExchangeID=SHFE InstrumentID=ru
OnRtnInstrumentStatus ExchangeID=SHFE InstrumentID=sn
OnRtnInstrumentStatus ExchangeID=SHFE InstrumentID=zn
OnRtnInstrumentStatus ExchangeID=DCE InstrumentID=m
OnRtnInstrumentStatus ExchangeID=DCE InstrumentID=p
OnRtnInstrumentStatus ExchangeID=DCE InstrumentID=y
OnRtnInstrumentStatus ExchangeID=CZCE InstrumentID=MA
OnRtnInstrumentStatus ExchangeID=CZCE InstrumentID=AP
OnRtnInstrumentStatus ExchangeID=CZCE InstrumentID=CF
OnRtnInstrumentStatus ExchangeID=CZCE InstrumentID=CY
OnRtnInstrumentStatus ExchangeID=CZCE InstrumentID=FG
OnRtnInstrumentStatus ExchangeID=CZCE InstrumentID=ZC
OnRtnInstrumentStatus ExchangeID=CZCE InstrumentID=OI
OnRtnInstrumentStatus ExchangeID=CZCE InstrumentID=RM
OnRtnInstrumentStatus ExchangeID=CZCE InstrumentID=SR
OnRtnInstrumentStatus ExchangeID=CZCE InstrumentID=TA
OnRtnInstrumentStatus ExchangeID=CFFEX InstrumentID=IC
OnRtnInstrumentStatus ExchangeID=CFFEX InstrumentID=IF
OnRtnInstrumentStatus ExchangeID=CFFEX InstrumentID=IH
OnRtnInstrumentStatus ExchangeID=CFFEX InstrumentID=TF
OnRtnInstrumentStatus ExchangeID=CFFEX InstrumentID=T
OnRtnInstrumentStatus ExchangeID=INE InstrumentID=scefp
OnRtnInstrumentStatus ExchangeID=INE InstrumentID=sc
OnRtnInstrumentStatus ExchangeID=CZCE InstrumentID=JR
OnRtnInstrumentStatus ExchangeID=CZCE InstrumentID=LR
OnRtnInstrumentStatus ExchangeID=CZCE InstrumentID=WH
OnRtnInstrumentStatus ExchangeID=CZCE InstrumentID=PM
OnRtnInstrumentStatus ExchangeID=CZCE InstrumentID=RI
OnRtnInstrumentStatus ExchangeID=CZCE InstrumentID=RS
OnRtnInstrumentStatus ExchangeID=CZCE InstrumentID=SF
OnRtnInstrumentStatus ExchangeID=CZCE InstrumentID=SM
OnRtnInstrumentStatus ExchangeID=SHFE InstrumentID=fu
OnRtnInstrumentStatus ExchangeID=CZCE InstrumentID=MA
OnRtnInstrumentStatus ExchangeID=CZCE InstrumentID=AP
OnRtnInstrumentStatus ExchangeID=CZCE InstrumentID=CF
OnRtnInstrumentStatus ExchangeID=CZCE InstrumentID=CY
OnRtnInstrumentStatus ExchangeID=CZCE InstrumentID=FG
OnRtnInstrumentStatus ExchangeID=SHFE InstrumentID=wr
OnRtnInstrumentStatus ExchangeID=DCE InstrumentID=bb
OnRtnInstrumentStatus ExchangeID=DCE InstrumentID=c
OnRtnInstrumentStatus ExchangeID=DCE InstrumentID=jd
OnRtnInstrumentStatus ExchangeID=DCE InstrumentID=cs
OnRtnInstrumentStatus ExchangeID=CZCE InstrumentID=ZC
OnRtnInstrumentStatus ExchangeID=CZCE InstrumentID=OI
OnRtnInstrumentStatus ExchangeID=CZCE InstrumentID=RM
OnRtnInstrumentStatus ExchangeID=CZCE InstrumentID=SR
OnRtnInstrumentStatus ExchangeID=CZCE InstrumentID=TA
OnRtnInstrumentStatus ExchangeID=DCE InstrumentID=fb
OnRtnInstrumentStatus ExchangeID=DCE InstrumentID=l
OnRtnInstrumentStatus ExchangeID=DCE InstrumentID=pp
OnRtnInstrumentStatus ExchangeID=DCE InstrumentID=v
OnRtnInstrumentStatus ExchangeID=SHFE InstrumentID=ag
OnRtnInstrumentStatus ExchangeID=SHFE InstrumentID=al
OnRtnInstrumentStatus ExchangeID=SHFE InstrumentID=au
OnRtnInstrumentStatus ExchangeID=SHFE InstrumentID=bu
OnRtnInstrumentStatus ExchangeID=SHFE InstrumentID=cu
OnRtnInstrumentStatus ExchangeID=SHFE InstrumentID=hc
OnRtnInstrumentStatus ExchangeID=DCE InstrumentID=a
OnRtnInstrumentStatus ExchangeID=DCE InstrumentID=b
OnRtnInstrumentStatus ExchangeID=DCE InstrumentID=jm
OnRtnInstrumentStatus ExchangeID=DCE InstrumentID=i
OnRtnInstrumentStatus ExchangeID=DCE InstrumentID=j
OnRtnInstrumentStatus ExchangeID=DCE InstrumentID=m
OnRtnInstrumentStatus ExchangeID=DCE InstrumentID=p
OnRtnInstrumentStatus ExchangeID=DCE InstrumentID=y
OnRtnInstrumentStatus ExchangeID=SHFE InstrumentID=ni
OnRtnInstrumentStatus ExchangeID=SHFE InstrumentID=pb
OnRtnInstrumentStatus ExchangeID=SHFE InstrumentID=rb
OnRtnInstrumentStatus ExchangeID=SHFE InstrumentID=ru
OnRtnInstrumentStatus ExchangeID=SHFE InstrumentID=sn
OnRtnInstrumentStatus ExchangeID=SHFE InstrumentID=zn